2025-11-27 21:45:46,814 - INFO - ETF Collector initialized. Target Dir: /Volumes/Postgres_DB/economic_data/01_raw/etfs
2025-11-27 21:45:46,814 - INFO - === Starting ETF Collection ===
2025-11-27 21:45:47,540 - INFO - ✅ SPY: Fetched 1255 rows.
2025-11-27 21:45:47,548 - INFO - 💾 SPY: Saved to /Volumes/Postgres_DB/economic_data/01_raw/etfs/SPY.csv
2025-11-27 21:45:49,159 - INFO - ✅ QQQ: Fetched 1255 rows.
2025-11-27 21:45:49,166 - INFO - 💾 QQQ: Saved to /Volumes/Postgres_DB/economic_data/01_raw/etfs/QQQ.csv
2025-11-27 21:45:50,765 - INFO - ✅ DIA: Fetched 1255 rows.
2025-11-27 21:45:50,774 - INFO - 💾 DIA: Saved to /Volumes/Postgres_DB/economic_data/01_raw/etfs/DIA.csv
2025-11-27 21:45:52,374 - INFO - ✅ VTI: Fetched 1255 rows.
2025-11-27 21:45:52,384 - INFO - 💾 VTI: Saved to /Volumes/Postgres_DB/economic_data/01_raw/etfs/VTI.csv
2025-11-27 21:45:53,989 - INFO - ✅ IWM: Fetched 1255 rows.
2025-11-27 21:45:53,999 - INFO - 💾 IWM: Saved to /Volumes/Postgres_DB/economic_data/01_raw/etfs/IWM.csv
2025-11-27 21:45:55,596 - INFO - ✅ XLF: Fetched 1255 rows.
2025-11-27 21:45:55,609 - INFO - 💾 XLF: Saved to /Volumes/Postgres_DB/economic_data/01_raw/etfs/XLF.csv
2025-11-27 21:45:57,186 - INFO - ✅ XLK: Fetched 1255 rows.
2025-11-27 21:45:57,196 - INFO - 💾 XLK: Saved to /Volumes/Postgres_DB/economic_data/01_raw/etfs/XLK.csv
2025-11-27 21:45:58,794 - INFO - ✅ XLE: Fetched 1255 rows.
2025-11-27 21:45:58,804 - INFO - 💾 XLE: Saved to /Volumes/Postgres_DB/economic_data/01_raw/etfs/XLE.csv
2025-11-27 21:46:00,407 - INFO - ✅ XLV: Fetched 1255 rows.
2025-11-27 21:46:00,417 - INFO - 💾 XLV: Saved to /Volumes/Postgres_DB/economic_data/01_raw/etfs/XLV.csv
2025-11-27 21:46:02,003 - INFO - ✅ XLRE: Fetched 1255 rows.
2025-11-27 21:46:02,013 - INFO - 💾 XLRE: Saved to /Volumes/Postgres_DB/economic_data/01_raw/etfs/XLRE.csv
2025-11-27 21:46:03,628 - INFO - ✅ EFA: Fetched 1255 rows.
2025-11-27 21:46:03,636 - INFO - 💾 EFA: Saved to /Volumes/Postgres_DB/economic_data/01_raw/etfs/EFA.csv
2025-11-27 21:46:05,249 - INFO - ✅ EEM: Fetched 1255 rows.
2025-11-27 21:46:05,258 - INFO - 💾 EEM: Saved to /Volumes/Postgres_DB/economic_data/01_raw/etfs/EEM.csv
2025-11-27 21:46:06,841 - INFO - ✅ VEA: Fetched 1255 rows.
2025-11-27 21:46:06,851 - INFO - 💾 VEA: Saved to /Volumes/Postgres_DB/economic_data/01_raw/etfs/VEA.csv
2025-11-27 21:46:08,431 - INFO - ✅ TLT: Fetched 1255 rows.
2025-11-27 21:46:08,441 - INFO - 💾 TLT: Saved to /Volumes/Postgres_DB/economic_data/01_raw/etfs/TLT.csv
2025-11-27 21:46:10,029 - INFO - ✅ IEF: Fetched 1255 rows.
2025-11-27 21:46:10,039 - INFO - 💾 IEF: Saved to /Volumes/Postgres_DB/economic_data/01_raw/etfs/IEF.csv
2025-11-27 21:46:11,616 - INFO - ✅ LQD: Fetched 1255 rows.
2025-11-27 21:46:11,621 - INFO - 💾 LQD: Saved to /Volumes/Postgres_DB/economic_data/01_raw/etfs/LQD.csv
2025-11-27 21:46:13,184 - INFO - ✅ HYG: Fetched 1255 rows.
2025-11-27 21:46:13,194 - INFO - 💾 HYG: Saved to /Volumes/Postgres_DB/economic_data/01_raw/etfs/HYG.csv
2025-11-27 21:46:14,812 - INFO - ✅ GLD: Fetched 1255 rows.
2025-11-27 21:46:14,820 - INFO - 💾 GLD: Saved to /Volumes/Postgres_DB/economic_data/01_raw/etfs/GLD.csv
2025-11-27 21:46:16,404 - INFO - ✅ SLV: Fetched 1255 rows.
2025-11-27 21:46:16,412 - INFO - 💾 SLV: Saved to /Volumes/Postgres_DB/economic_data/01_raw/etfs/SLV.csv
2025-11-27 21:46:18,000 - INFO - ✅ USO: Fetched 1255 rows.
2025-11-27 21:46:18,010 - INFO - 💾 USO: Saved to /Volumes/Postgres_DB/economic_data/01_raw/etfs/USO.csv
2025-11-27 21:46:19,608 - INFO - ✅ DBA: Fetched 1255 rows.
2025-11-27 21:46:19,618 - INFO - 💾 DBA: Saved to /Volumes/Postgres_DB/economic_data/01_raw/etfs/DBA.csv
2025-11-27 21:46:19,618 - INFO - === Finished ===
