2025-09-16 16:54:46,507 - INFO - ETF 스마트 컬렉터 초기화 완료
2025-09-16 16:54:56,895 - INFO - === 전체 ETF 스마트 수집 시작 ===
2025-09-16 16:54:56,896 - INFO - Tiingo API 연결 테스트...
2025-09-16 16:54:57,231 - INFO - API 연결 성공!
2025-09-16 16:54:57,234 - INFO - 📋 수집 대상: ['SPY', 'QQQ', 'DIA', 'VTI', 'IWM', 'XLF', 'XLK', 'XLE', 'XLV', 'XLRE', 'EFA', 'EEM', 'VEA', 'TLT', 'IEF', 'LQD', 'HYG', 'GLD', 'SLV', 'USO', 'DBA']
2025-09-16 16:54:57,235 - INFO - 
📈 SPY (S&P 500 ETF) 수집 중... [1/21]
2025-09-16 16:54:57,235 - INFO - 📈 SPY (S&P 500 ETF) 스마트 수집 시작
2025-09-16 16:54:57,235 - INFO - 🗓️  SPY full_data: 2020-01-01 ~ 2025-09-16
2025-09-16 16:54:57,235 - INFO -   청크: 2020-01-01 ~ 2024-12-30
2025-09-16 16:54:57,235 - INFO - SPY 데이터 수집: 2020-01-01 ~ 2024-12-30
2025-09-16 16:54:57,905 - INFO - ✅ SPY: 1257 행 수집 (2020-01-01 ~ 2024-12-30)
2025-09-16 16:54:57,906 - INFO -   ✅ 1257 행 수집
2025-09-16 16:55:02,912 - INFO -   청크: 2024-12-31 ~ 2025-09-16
2025-09-16 16:55:02,912 - INFO - SPY 데이터 수집: 2024-12-31 ~ 2025-09-16
2025-09-16 16:55:03,283 - INFO - ✅ SPY: 177 행 수집 (2024-12-31 ~ 2025-09-16)
2025-09-16 16:55:03,285 - INFO -   ✅ 177 행 수집
2025-09-16 16:55:03,301 - INFO - ✅ SPY 첫 파일 생성! 1257 행
2025-09-16 16:55:04,343 - INFO - ✅ SPY 데이터 추가! 현재 총 1434 행
2025-09-16 16:55:05,348 - INFO - 🎉 SPY 수집 완료! 총 1434 행 추가
2025-09-16 16:55:05,348 - INFO - 다음 ETF까지 3초 대기...
2025-09-16 16:55:08,353 - INFO - 
📈 QQQ (NASDAQ-100 ETF) 수집 중... [2/21]
2025-09-16 16:55:08,354 - INFO - 📈 QQQ (NASDAQ-100 ETF) 스마트 수집 시작
2025-09-16 16:55:08,354 - INFO - 🗓️  QQQ full_data: 2020-01-01 ~ 2025-09-16
2025-09-16 16:55:08,354 - INFO -   청크: 2020-01-01 ~ 2024-12-30
2025-09-16 16:55:08,354 - INFO - QQQ 데이터 수집: 2020-01-01 ~ 2024-12-30
2025-09-16 16:55:08,923 - INFO - ✅ QQQ: 1257 행 수집 (2020-01-01 ~ 2024-12-30)
2025-09-16 16:55:08,924 - INFO -   ✅ 1257 행 수집
2025-09-16 16:55:13,930 - INFO -   청크: 2024-12-31 ~ 2025-09-16
2025-09-16 16:55:13,930 - INFO - QQQ 데이터 수집: 2024-12-31 ~ 2025-09-16
2025-09-16 16:55:14,298 - INFO - ✅ QQQ: 177 행 수집 (2024-12-31 ~ 2025-09-16)
2025-09-16 16:55:14,300 - INFO -   ✅ 177 행 수집
2025-09-16 16:55:14,317 - INFO - ✅ QQQ 첫 파일 생성! 1257 행
2025-09-16 16:55:15,353 - INFO - ✅ QQQ 데이터 추가! 현재 총 1434 행
2025-09-16 16:55:16,358 - INFO - 🎉 QQQ 수집 완료! 총 1434 행 추가
2025-09-16 16:55:16,359 - INFO - 다음 ETF까지 3초 대기...
2025-09-16 16:55:19,360 - INFO - 
📈 DIA (Dow Jones ETF) 수집 중... [3/21]
2025-09-16 16:55:19,360 - INFO - 📈 DIA (Dow Jones ETF) 스마트 수집 시작
2025-09-16 16:55:19,360 - INFO - 🗓️  DIA full_data: 2020-01-01 ~ 2025-09-16
2025-09-16 16:55:19,360 - INFO -   청크: 2020-01-01 ~ 2024-12-30
2025-09-16 16:55:19,360 - INFO - DIA 데이터 수집: 2020-01-01 ~ 2024-12-30
2025-09-16 16:55:20,023 - INFO - ✅ DIA: 1257 행 수집 (2020-01-01 ~ 2024-12-30)
2025-09-16 16:55:20,024 - INFO -   ✅ 1257 행 수집
2025-09-16 16:55:25,030 - INFO -   청크: 2024-12-31 ~ 2025-09-16
2025-09-16 16:55:25,030 - INFO - DIA 데이터 수집: 2024-12-31 ~ 2025-09-16
2025-09-16 16:55:25,404 - INFO - ✅ DIA: 177 행 수집 (2024-12-31 ~ 2025-09-16)
2025-09-16 16:55:25,406 - INFO -   ✅ 177 행 수집
2025-09-16 16:55:25,423 - INFO - ✅ DIA 첫 파일 생성! 1257 행
2025-09-16 16:55:26,458 - INFO - ✅ DIA 데이터 추가! 현재 총 1434 행
2025-09-16 16:55:27,462 - INFO - 🎉 DIA 수집 완료! 총 1434 행 추가
2025-09-16 16:55:27,462 - INFO - 다음 ETF까지 3초 대기...
2025-09-16 16:55:30,467 - INFO - 
📈 VTI (Total Stock Market ETF) 수집 중... [4/21]
2025-09-16 16:55:30,468 - INFO - 📈 VTI (Total Stock Market ETF) 스마트 수집 시작
2025-09-16 16:55:30,468 - INFO - 🗓️  VTI full_data: 2020-01-01 ~ 2025-09-16
2025-09-16 16:55:30,468 - INFO -   청크: 2020-01-01 ~ 2024-12-30
2025-09-16 16:55:30,469 - INFO - VTI 데이터 수집: 2020-01-01 ~ 2024-12-30
2025-09-16 16:55:31,037 - INFO - ✅ VTI: 1257 행 수집 (2020-01-01 ~ 2024-12-30)
2025-09-16 16:55:31,038 - INFO -   ✅ 1257 행 수집
2025-09-16 16:55:36,044 - INFO -   청크: 2024-12-31 ~ 2025-09-16
2025-09-16 16:55:36,044 - INFO - VTI 데이터 수집: 2024-12-31 ~ 2025-09-16
2025-09-16 16:55:36,481 - INFO - ✅ VTI: 177 행 수집 (2024-12-31 ~ 2025-09-16)
2025-09-16 16:55:36,483 - INFO -   ✅ 177 행 수집
2025-09-16 16:55:36,500 - INFO - ✅ VTI 첫 파일 생성! 1257 행
2025-09-16 16:55:37,535 - INFO - ✅ VTI 데이터 추가! 현재 총 1434 행
2025-09-16 16:55:38,540 - INFO - 🎉 VTI 수집 완료! 총 1434 행 추가
2025-09-16 16:55:38,541 - INFO - 다음 ETF까지 3초 대기...
2025-09-16 16:55:41,546 - INFO - 
📈 IWM (Russell 2000 ETF) 수집 중... [5/21]
2025-09-16 16:55:41,546 - INFO - 📈 IWM (Russell 2000 ETF) 스마트 수집 시작
2025-09-16 16:55:41,547 - INFO - 🗓️  IWM full_data: 2020-01-01 ~ 2025-09-16
2025-09-16 16:55:41,547 - INFO -   청크: 2020-01-01 ~ 2024-12-30
2025-09-16 16:55:41,547 - INFO - IWM 데이터 수집: 2020-01-01 ~ 2024-12-30
2025-09-16 16:55:42,125 - INFO - ✅ IWM: 1257 행 수집 (2020-01-01 ~ 2024-12-30)
2025-09-16 16:55:42,127 - INFO -   ✅ 1257 행 수집
2025-09-16 16:55:47,131 - INFO -   청크: 2024-12-31 ~ 2025-09-16
2025-09-16 16:55:47,131 - INFO - IWM 데이터 수집: 2024-12-31 ~ 2025-09-16
2025-09-16 16:55:47,568 - INFO - ✅ IWM: 177 행 수집 (2024-12-31 ~ 2025-09-16)
2025-09-16 16:55:47,570 - INFO -   ✅ 177 행 수집
2025-09-16 16:55:47,585 - INFO - ✅ IWM 첫 파일 생성! 1257 행
2025-09-16 16:55:48,619 - INFO - ✅ IWM 데이터 추가! 현재 총 1434 행
2025-09-16 16:55:49,625 - INFO - 🎉 IWM 수집 완료! 총 1434 행 추가
2025-09-16 16:55:49,625 - INFO - 다음 ETF까지 3초 대기...
2025-09-16 16:58:16,045 - INFO - ETF 스마트 컬렉터 초기화 완료
2025-09-16 16:58:19,412 - INFO - === 전체 ETF 스마트 수집 시작 ===
2025-09-16 16:58:19,413 - INFO - Tiingo API 연결 테스트...
2025-09-16 16:58:19,665 - INFO - API 연결 성공!
2025-09-16 16:58:19,666 - INFO - 📋 수집 대상: ['SPY', 'QQQ', 'DIA', 'VTI', 'IWM', 'XLF', 'XLK', 'XLE', 'XLV', 'XLRE', 'EFA', 'EEM', 'VEA', 'TLT', 'IEF', 'LQD', 'HYG', 'GLD', 'SLV', 'USO', 'DBA']
2025-09-16 16:58:19,667 - INFO - 
📈 SPY (S&P 500 ETF) 수집 중... [1/21]
2025-09-16 16:58:19,667 - INFO - 📈 SPY (S&P 500 ETF) 스마트 수집 시작
2025-09-16 16:58:19,667 - INFO - 🗓️  SPY full_data: 2020-01-01 ~ 2025-09-16
2025-09-16 16:58:19,667 - INFO -   청크: 2020-01-01 ~ 2024-12-30
2025-09-16 16:58:19,667 - INFO - SPY 데이터 수집: 2020-01-01 ~ 2024-12-30
2025-09-16 16:58:20,239 - INFO - ✅ SPY: 1257 행 수집 (2020-01-01 ~ 2024-12-30)
2025-09-16 16:58:20,241 - INFO -   ✅ 1257 행 수집
2025-09-16 16:58:25,246 - INFO -   청크: 2024-12-31 ~ 2025-09-16
2025-09-16 16:58:25,246 - INFO - SPY 데이터 수집: 2024-12-31 ~ 2025-09-16
2025-09-16 16:58:25,642 - INFO - ✅ SPY: 177 행 수집 (2024-12-31 ~ 2025-09-16)
2025-09-16 16:58:25,644 - INFO -   ✅ 177 행 수집
2025-09-16 16:58:25,661 - INFO - ✅ SPY 첫 파일 생성! 1257 행
2025-09-16 16:58:26,701 - INFO - ✅ SPY 데이터 추가! 현재 총 1434 행
2025-09-16 16:58:27,706 - INFO - 🎉 SPY 수집 완료! 총 1434 행 추가
2025-09-16 16:58:27,707 - INFO - 다음 ETF까지 3초 대기...
2025-09-16 16:58:30,708 - INFO - 
📈 QQQ (NASDAQ-100 ETF) 수집 중... [2/21]
2025-09-16 16:58:30,709 - INFO - 📈 QQQ (NASDAQ-100 ETF) 스마트 수집 시작
2025-09-16 16:58:30,709 - INFO - 🗓️  QQQ full_data: 2020-01-01 ~ 2025-09-16
2025-09-16 16:58:30,709 - INFO -   청크: 2020-01-01 ~ 2024-12-30
2025-09-16 16:58:30,709 - INFO - QQQ 데이터 수집: 2020-01-01 ~ 2024-12-30
2025-09-16 16:58:31,306 - INFO - ✅ QQQ: 1257 행 수집 (2020-01-01 ~ 2024-12-30)
2025-09-16 16:58:31,308 - INFO -   ✅ 1257 행 수집
2025-09-16 17:02:10,632 - INFO - ETF 스마트 컬렉터 초기화 완료
2025-09-16 17:02:20,807 - INFO - === 전체 ETF 스마트 수집 시작 ===
2025-09-16 17:02:20,807 - INFO - Tiingo API 연결 테스트...
2025-09-16 17:02:21,109 - INFO - API 연결 성공!
2025-09-16 17:02:21,113 - INFO - 📋 수집 대상: ['SPY', 'QQQ', 'DIA', 'VTI', 'IWM', 'XLF', 'XLK', 'XLE', 'XLV', 'XLRE', 'EFA', 'EEM', 'VEA', 'TLT', 'IEF', 'LQD', 'HYG', 'GLD', 'SLV', 'USO', 'DBA']
2025-09-16 17:02:21,113 - INFO - 
📈 SPY (S&P 500 ETF) 수집 중... [1/21]
2025-09-16 17:02:21,113 - INFO - 📈 SPY (S&P 500 ETF) 스마트 수집 시작
2025-09-16 17:02:21,113 - INFO - 🗓️  SPY full_data: 2005-09-21 ~ 2025-09-16
2025-09-16 17:02:21,113 - INFO -   청크: 2005-09-21 ~ 2010-09-20
2025-09-16 17:02:21,113 - INFO - SPY 데이터 수집: 2005-09-21 ~ 2010-09-20
2025-09-16 17:02:21,711 - INFO - ✅ SPY: 1258 행 수집 (2005-09-21 ~ 2010-09-20)
2025-09-16 17:02:21,713 - INFO -   ✅ 1258 행 수집
2025-09-16 17:02:26,717 - INFO -   청크: 2010-09-21 ~ 2015-09-20
2025-09-16 17:02:26,718 - INFO - SPY 데이터 수집: 2010-09-21 ~ 2015-09-20
2025-09-16 17:02:27,297 - INFO - ✅ SPY: 1258 행 수집 (2010-09-21 ~ 2015-09-20)
2025-09-16 17:02:27,299 - INFO -   ✅ 1258 행 수집
2025-09-16 17:02:32,304 - INFO -   청크: 2015-09-21 ~ 2020-09-19
2025-09-16 17:02:32,304 - INFO - SPY 데이터 수집: 2015-09-21 ~ 2020-09-19
2025-09-16 17:02:32,982 - INFO - ✅ SPY: 1259 행 수집 (2015-09-21 ~ 2020-09-19)
2025-09-16 17:02:32,984 - INFO -   ✅ 1259 행 수집
2025-09-16 17:02:37,986 - INFO -   청크: 2020-09-20 ~ 2025-09-16
2025-09-16 17:02:37,986 - INFO - SPY 데이터 수집: 2020-09-20 ~ 2025-09-16
2025-09-16 17:02:38,535 - INFO - ✅ SPY: 1253 행 수집 (2020-09-20 ~ 2025-09-16)
2025-09-16 17:02:38,537 - INFO -   ✅ 1253 행 수집
2025-09-16 17:02:38,554 - INFO - ✅ SPY 첫 파일 생성! 1258 행
2025-09-16 17:02:39,601 - INFO - ✅ SPY 데이터 추가! 현재 총 2516 행
2025-09-16 17:02:40,656 - INFO - ✅ SPY 데이터 추가! 현재 총 3775 행
2025-09-16 17:02:41,727 - INFO - ✅ SPY 데이터 추가! 현재 총 5028 행
2025-09-16 17:02:42,732 - INFO - 🎉 SPY 수집 완료! 총 5028 행 추가
2025-09-16 17:02:42,732 - INFO - 다음 ETF까지 3초 대기...
2025-09-16 17:02:45,736 - INFO - 
📈 QQQ (NASDAQ-100 ETF) 수집 중... [2/21]
2025-09-16 17:02:45,737 - INFO - 📈 QQQ (NASDAQ-100 ETF) 스마트 수집 시작
2025-09-16 17:02:45,737 - INFO - 🗓️  QQQ full_data: 2005-09-21 ~ 2025-09-16
2025-09-16 17:02:45,737 - INFO -   청크: 2005-09-21 ~ 2010-09-20
2025-09-16 17:02:45,738 - INFO - QQQ 데이터 수집: 2005-09-21 ~ 2010-09-20
2025-09-16 17:02:46,328 - INFO - ✅ QQQ: 1258 행 수집 (2005-09-21 ~ 2010-09-20)
2025-09-16 17:02:46,330 - INFO -   ✅ 1258 행 수집
2025-09-16 17:02:51,335 - INFO -   청크: 2010-09-21 ~ 2015-09-20
2025-09-16 17:02:51,335 - INFO - QQQ 데이터 수집: 2010-09-21 ~ 2015-09-20
2025-09-16 17:02:51,906 - INFO - ✅ QQQ: 1258 행 수집 (2010-09-21 ~ 2015-09-20)
2025-09-16 17:02:51,908 - INFO -   ✅ 1258 행 수집
2025-09-16 17:02:56,914 - INFO -   청크: 2015-09-21 ~ 2020-09-19
2025-09-16 17:02:56,914 - INFO - QQQ 데이터 수집: 2015-09-21 ~ 2020-09-19
2025-09-16 17:02:57,594 - INFO - ✅ QQQ: 1259 행 수집 (2015-09-21 ~ 2020-09-19)
2025-09-16 17:02:57,595 - INFO -   ✅ 1259 행 수집
2025-09-16 17:03:02,598 - INFO -   청크: 2020-09-20 ~ 2025-09-16
2025-09-16 17:03:02,598 - INFO - QQQ 데이터 수집: 2020-09-20 ~ 2025-09-16
2025-09-16 17:03:03,165 - INFO - ✅ QQQ: 1253 행 수집 (2020-09-20 ~ 2025-09-16)
2025-09-16 17:03:03,168 - INFO -   ✅ 1253 행 수집
2025-09-16 17:03:03,183 - INFO - ✅ QQQ 첫 파일 생성! 1258 행
2025-09-16 17:03:04,224 - INFO - ✅ QQQ 데이터 추가! 현재 총 2516 행
2025-09-16 17:03:05,279 - INFO - ✅ QQQ 데이터 추가! 현재 총 3775 행
2025-09-16 17:03:06,347 - INFO - ✅ QQQ 데이터 추가! 현재 총 5028 행
2025-09-16 17:03:07,352 - INFO - 🎉 QQQ 수집 완료! 총 5028 행 추가
2025-09-16 17:03:07,353 - INFO - 다음 ETF까지 3초 대기...
2025-09-16 17:03:10,358 - INFO - 
📈 DIA (Dow Jones ETF) 수집 중... [3/21]
2025-09-16 17:03:10,358 - INFO - 📈 DIA (Dow Jones ETF) 스마트 수집 시작
2025-09-16 17:03:10,359 - INFO - 🗓️  DIA full_data: 2005-09-21 ~ 2025-09-16
2025-09-16 17:03:10,359 - INFO -   청크: 2005-09-21 ~ 2010-09-20
2025-09-16 17:03:10,359 - INFO - DIA 데이터 수집: 2005-09-21 ~ 2010-09-20
2025-09-16 17:03:10,954 - INFO - ✅ DIA: 1258 행 수집 (2005-09-21 ~ 2010-09-20)
2025-09-16 17:03:10,956 - INFO -   ✅ 1258 행 수집
2025-09-16 17:03:15,961 - INFO -   청크: 2010-09-21 ~ 2015-09-20
2025-09-16 17:03:15,961 - INFO - DIA 데이터 수집: 2010-09-21 ~ 2015-09-20
2025-09-16 17:03:16,606 - INFO - ✅ DIA: 1258 행 수집 (2010-09-21 ~ 2015-09-20)
2025-09-16 17:03:16,608 - INFO -   ✅ 1258 행 수집
2025-09-16 17:03:21,613 - INFO -   청크: 2015-09-21 ~ 2020-09-19
2025-09-16 17:03:21,614 - INFO - DIA 데이터 수집: 2015-09-21 ~ 2020-09-19
2025-09-16 17:03:22,194 - INFO - ✅ DIA: 1259 행 수집 (2015-09-21 ~ 2020-09-19)
2025-09-16 17:03:22,196 - INFO -   ✅ 1259 행 수집
2025-09-16 17:03:27,201 - INFO -   청크: 2020-09-20 ~ 2025-09-16
2025-09-16 17:03:27,201 - INFO - DIA 데이터 수집: 2020-09-20 ~ 2025-09-16
2025-09-16 17:03:27,806 - INFO - ✅ DIA: 1253 행 수집 (2020-09-20 ~ 2025-09-16)
2025-09-16 17:03:27,808 - INFO -   ✅ 1253 행 수집
2025-09-16 17:03:27,824 - INFO - ✅ DIA 첫 파일 생성! 1258 행
2025-09-16 17:03:28,870 - INFO - ✅ DIA 데이터 추가! 현재 총 2516 행
2025-09-16 17:03:29,928 - INFO - ✅ DIA 데이터 추가! 현재 총 3775 행
2025-09-16 17:03:30,995 - INFO - ✅ DIA 데이터 추가! 현재 총 5028 행
2025-09-16 17:03:32,000 - INFO - 🎉 DIA 수집 완료! 총 5028 행 추가
2025-09-16 17:03:32,000 - INFO - 다음 ETF까지 3초 대기...
2025-09-16 17:03:35,000 - INFO - 
📈 VTI (Total Stock Market ETF) 수집 중... [4/21]
2025-09-16 17:03:35,001 - INFO - 📈 VTI (Total Stock Market ETF) 스마트 수집 시작
2025-09-16 17:03:35,001 - INFO - 🗓️  VTI full_data: 2005-09-21 ~ 2025-09-16
2025-09-16 17:03:35,001 - INFO -   청크: 2005-09-21 ~ 2010-09-20
2025-09-16 17:03:35,001 - INFO - VTI 데이터 수집: 2005-09-21 ~ 2010-09-20
2025-09-16 17:03:35,651 - INFO - ✅ VTI: 1258 행 수집 (2005-09-21 ~ 2010-09-20)
2025-09-16 17:03:35,652 - INFO -   ✅ 1258 행 수집
2025-09-16 17:03:40,656 - INFO -   청크: 2010-09-21 ~ 2015-09-20
2025-09-16 17:03:40,656 - INFO - VTI 데이터 수집: 2010-09-21 ~ 2015-09-20
2025-09-16 17:03:41,217 - INFO - ✅ VTI: 1258 행 수집 (2010-09-21 ~ 2015-09-20)
2025-09-16 17:03:41,220 - INFO -   ✅ 1258 행 수집
2025-09-16 17:03:46,221 - INFO -   청크: 2015-09-21 ~ 2020-09-19
2025-09-16 17:03:46,221 - INFO - VTI 데이터 수집: 2015-09-21 ~ 2020-09-19
2025-09-16 17:03:46,771 - INFO - ✅ VTI: 1259 행 수집 (2015-09-21 ~ 2020-09-19)
2025-09-16 17:03:46,772 - INFO -   ✅ 1259 행 수집
2025-09-16 17:03:51,777 - INFO -   청크: 2020-09-20 ~ 2025-09-16
2025-09-16 17:03:51,778 - INFO - VTI 데이터 수집: 2020-09-20 ~ 2025-09-16
2025-09-16 17:03:52,437 - INFO - ✅ VTI: 1253 행 수집 (2020-09-20 ~ 2025-09-16)
2025-09-16 17:03:52,439 - INFO -   ✅ 1253 행 수집
2025-09-16 17:03:52,449 - INFO - ✅ VTI 첫 파일 생성! 1258 행
2025-09-16 17:03:53,487 - INFO - ✅ VTI 데이터 추가! 현재 총 2516 행
2025-09-16 17:03:54,535 - INFO - ✅ VTI 데이터 추가! 현재 총 3775 행
2025-09-16 17:03:55,605 - INFO - ✅ VTI 데이터 추가! 현재 총 5028 행
2025-09-16 17:03:56,610 - INFO - 🎉 VTI 수집 완료! 총 5028 행 추가
2025-09-16 17:03:56,611 - INFO - 다음 ETF까지 3초 대기...
2025-09-16 17:03:59,617 - INFO - 
📈 IWM (Russell 2000 ETF) 수집 중... [5/21]
2025-09-16 17:03:59,617 - INFO - 📈 IWM (Russell 2000 ETF) 스마트 수집 시작
2025-09-16 17:03:59,617 - INFO - 🗓️  IWM full_data: 2005-09-21 ~ 2025-09-16
2025-09-16 17:03:59,618 - INFO -   청크: 2005-09-21 ~ 2010-09-20
2025-09-16 17:03:59,618 - INFO - IWM 데이터 수집: 2005-09-21 ~ 2010-09-20
2025-09-16 17:04:01,888 - INFO - ✅ IWM: 1258 행 수집 (2005-09-21 ~ 2010-09-20)
2025-09-16 17:04:01,890 - INFO -   ✅ 1258 행 수집
2025-09-16 17:04:06,895 - INFO -   청크: 2010-09-21 ~ 2015-09-20
2025-09-16 17:04:06,896 - INFO - IWM 데이터 수집: 2010-09-21 ~ 2015-09-20
2025-09-16 17:04:07,549 - INFO - ✅ IWM: 1258 행 수집 (2010-09-21 ~ 2015-09-20)
2025-09-16 17:04:07,551 - INFO -   ✅ 1258 행 수집
2025-09-16 17:04:12,553 - INFO -   청크: 2015-09-21 ~ 2020-09-19
2025-09-16 17:04:12,553 - INFO - IWM 데이터 수집: 2015-09-21 ~ 2020-09-19
2025-09-16 17:04:13,131 - INFO - ✅ IWM: 1259 행 수집 (2015-09-21 ~ 2020-09-19)
2025-09-16 17:04:13,132 - INFO -   ✅ 1259 행 수집
2025-09-16 17:04:18,138 - INFO -   청크: 2020-09-20 ~ 2025-09-16
2025-09-16 17:04:18,138 - INFO - IWM 데이터 수집: 2020-09-20 ~ 2025-09-16
2025-09-16 17:04:18,796 - INFO - ✅ IWM: 1253 행 수집 (2020-09-20 ~ 2025-09-16)
2025-09-16 17:04:18,797 - INFO -   ✅ 1253 행 수집
2025-09-16 17:04:18,813 - INFO - ✅ IWM 첫 파일 생성! 1258 행
2025-09-16 17:04:19,855 - INFO - ✅ IWM 데이터 추가! 현재 총 2516 행
2025-09-16 17:04:20,912 - INFO - ✅ IWM 데이터 추가! 현재 총 3775 행
2025-09-16 17:04:21,964 - INFO - ✅ IWM 데이터 추가! 현재 총 5028 행
2025-09-16 17:04:22,969 - INFO - 🎉 IWM 수집 완료! 총 5028 행 추가
2025-09-16 17:04:22,970 - INFO - 다음 ETF까지 3초 대기...
2025-09-16 17:04:25,974 - INFO - 
📈 XLF (Financial Sector ETF) 수집 중... [6/21]
2025-09-16 17:04:25,975 - INFO - 📈 XLF (Financial Sector ETF) 스마트 수집 시작
2025-09-16 17:04:25,975 - INFO - 🗓️  XLF full_data: 2005-09-21 ~ 2025-09-16
2025-09-16 17:04:25,975 - INFO -   청크: 2005-09-21 ~ 2010-09-20
2025-09-16 17:04:25,976 - INFO - XLF 데이터 수집: 2005-09-21 ~ 2010-09-20
2025-09-16 17:04:26,539 - INFO - ✅ XLF: 1258 행 수집 (2005-09-21 ~ 2010-09-20)
2025-09-16 17:04:26,541 - INFO -   ✅ 1258 행 수집
2025-09-16 17:04:31,546 - INFO -   청크: 2010-09-21 ~ 2015-09-20
2025-09-16 17:04:31,546 - INFO - XLF 데이터 수집: 2010-09-21 ~ 2015-09-20
2025-09-16 17:04:32,242 - INFO - ✅ XLF: 1258 행 수집 (2010-09-21 ~ 2015-09-20)
2025-09-16 17:04:32,244 - INFO -   ✅ 1258 행 수집
2025-09-16 17:04:37,249 - INFO -   청크: 2015-09-21 ~ 2020-09-19
2025-09-16 17:04:37,250 - INFO - XLF 데이터 수집: 2015-09-21 ~ 2020-09-19
2025-09-16 17:04:39,308 - INFO - ✅ XLF: 1259 행 수집 (2015-09-21 ~ 2020-09-19)
2025-09-16 17:04:39,310 - INFO -   ✅ 1259 행 수집
2025-09-16 17:04:44,316 - INFO -   청크: 2020-09-20 ~ 2025-09-16
2025-09-16 17:04:44,316 - INFO - XLF 데이터 수집: 2020-09-20 ~ 2025-09-16
2025-09-16 17:04:44,897 - INFO - ✅ XLF: 1253 행 수집 (2020-09-20 ~ 2025-09-16)
2025-09-16 17:04:44,899 - INFO -   ✅ 1253 행 수집
2025-09-16 17:04:44,912 - INFO - ✅ XLF 첫 파일 생성! 1258 행
2025-09-16 17:04:45,959 - INFO - ✅ XLF 데이터 추가! 현재 총 2516 행
2025-09-16 17:04:47,017 - INFO - ✅ XLF 데이터 추가! 현재 총 3775 행
2025-09-16 17:04:48,062 - INFO - ✅ XLF 데이터 추가! 현재 총 5028 행
2025-09-16 17:04:49,067 - INFO - 🎉 XLF 수집 완료! 총 5028 행 추가
2025-09-16 17:04:49,068 - INFO - 다음 ETF까지 3초 대기...
2025-09-16 17:04:52,070 - INFO - 
📈 XLK (Technology Sector ETF) 수집 중... [7/21]
2025-09-16 17:04:52,070 - INFO - 📈 XLK (Technology Sector ETF) 스마트 수집 시작
2025-09-16 17:04:52,070 - INFO - 🗓️  XLK full_data: 2005-09-21 ~ 2025-09-16
2025-09-16 17:04:52,070 - INFO -   청크: 2005-09-21 ~ 2010-09-20
2025-09-16 17:04:52,070 - INFO - XLK 데이터 수집: 2005-09-21 ~ 2010-09-20
2025-09-16 17:04:52,784 - INFO - ✅ XLK: 1258 행 수집 (2005-09-21 ~ 2010-09-20)
2025-09-16 17:04:52,786 - INFO -   ✅ 1258 행 수집
2025-09-16 17:04:57,791 - INFO -   청크: 2010-09-21 ~ 2015-09-20
2025-09-16 17:04:57,792 - INFO - XLK 데이터 수집: 2010-09-21 ~ 2015-09-20
2025-09-16 17:04:58,362 - INFO - ✅ XLK: 1258 행 수집 (2010-09-21 ~ 2015-09-20)
2025-09-16 17:04:58,364 - INFO -   ✅ 1258 행 수집
2025-09-16 17:05:03,366 - INFO -   청크: 2015-09-21 ~ 2020-09-19
2025-09-16 17:05:03,366 - INFO - XLK 데이터 수집: 2015-09-21 ~ 2020-09-19
2025-09-16 17:05:04,114 - INFO - ✅ XLK: 1259 행 수집 (2015-09-21 ~ 2020-09-19)
2025-09-16 17:05:04,116 - INFO -   ✅ 1259 행 수집
2025-09-16 17:05:09,121 - INFO -   청크: 2020-09-20 ~ 2025-09-16
2025-09-16 17:05:09,122 - INFO - XLK 데이터 수집: 2020-09-20 ~ 2025-09-16
2025-09-16 17:05:09,713 - INFO - ✅ XLK: 1253 행 수집 (2020-09-20 ~ 2025-09-16)
2025-09-16 17:05:09,716 - INFO -   ✅ 1253 행 수집
2025-09-16 17:05:09,736 - INFO - ✅ XLK 첫 파일 생성! 1258 행
2025-09-16 17:05:10,780 - INFO - ✅ XLK 데이터 추가! 현재 총 2516 행
2025-09-16 17:05:11,837 - INFO - ✅ XLK 데이터 추가! 현재 총 3775 행
2025-09-16 17:05:12,914 - INFO - ✅ XLK 데이터 추가! 현재 총 5028 행
2025-09-16 17:05:13,919 - INFO - 🎉 XLK 수집 완료! 총 5028 행 추가
2025-09-16 17:05:13,920 - INFO - 다음 ETF까지 3초 대기...
2025-09-16 17:05:16,925 - INFO - 
📈 XLE (Energy Sector ETF) 수집 중... [8/21]
2025-09-16 17:05:16,925 - INFO - 📈 XLE (Energy Sector ETF) 스마트 수집 시작
2025-09-16 17:05:16,926 - INFO - 🗓️  XLE full_data: 2005-09-21 ~ 2025-09-16
2025-09-16 17:05:16,926 - INFO -   청크: 2005-09-21 ~ 2010-09-20
2025-09-16 17:05:16,926 - INFO - XLE 데이터 수집: 2005-09-21 ~ 2010-09-20
2025-09-16 17:05:18,307 - INFO - ✅ XLE: 1258 행 수집 (2005-09-21 ~ 2010-09-20)
2025-09-16 17:05:18,309 - INFO -   ✅ 1258 행 수집
2025-09-16 17:05:23,314 - INFO -   청크: 2010-09-21 ~ 2015-09-20
2025-09-16 17:05:23,315 - INFO - XLE 데이터 수집: 2010-09-21 ~ 2015-09-20
2025-09-16 17:05:23,876 - INFO - ✅ XLE: 1258 행 수집 (2010-09-21 ~ 2015-09-20)
2025-09-16 17:05:23,877 - INFO -   ✅ 1258 행 수집
2025-09-16 17:05:28,883 - INFO -   청크: 2015-09-21 ~ 2020-09-19
2025-09-16 17:05:28,883 - INFO - XLE 데이터 수집: 2015-09-21 ~ 2020-09-19
2025-09-16 17:05:29,440 - INFO - ✅ XLE: 1259 행 수집 (2015-09-21 ~ 2020-09-19)
2025-09-16 17:05:29,443 - INFO -   ✅ 1259 행 수집
2025-09-16 17:05:34,448 - INFO -   청크: 2020-09-20 ~ 2025-09-16
2025-09-16 17:05:34,448 - INFO - XLE 데이터 수집: 2020-09-20 ~ 2025-09-16
2025-09-16 17:05:35,023 - INFO - ✅ XLE: 1253 행 수집 (2020-09-20 ~ 2025-09-16)
2025-09-16 17:05:35,024 - INFO -   ✅ 1253 행 수집
2025-09-16 17:05:35,039 - INFO - ✅ XLE 첫 파일 생성! 1258 행
2025-09-16 17:05:36,076 - INFO - ✅ XLE 데이터 추가! 현재 총 2516 행
2025-09-16 17:05:37,113 - INFO - ✅ XLE 데이터 추가! 현재 총 3775 행
2025-09-16 17:05:38,176 - INFO - ✅ XLE 데이터 추가! 현재 총 5028 행
2025-09-16 17:05:39,181 - INFO - 🎉 XLE 수집 완료! 총 5028 행 추가
2025-09-16 17:05:39,182 - INFO - 다음 ETF까지 3초 대기...
2025-09-16 17:05:42,185 - INFO - 
📈 XLV (Healthcare Sector ETF) 수집 중... [9/21]
2025-09-16 17:05:42,185 - INFO - 📈 XLV (Healthcare Sector ETF) 스마트 수집 시작
2025-09-16 17:05:42,186 - INFO - 🗓️  XLV full_data: 2005-09-21 ~ 2025-09-16
2025-09-16 17:05:42,186 - INFO -   청크: 2005-09-21 ~ 2010-09-20
2025-09-16 17:05:42,186 - INFO - XLV 데이터 수집: 2005-09-21 ~ 2010-09-20
2025-09-16 17:05:42,821 - INFO - ✅ XLV: 1258 행 수집 (2005-09-21 ~ 2010-09-20)
2025-09-16 17:05:42,823 - INFO -   ✅ 1258 행 수집
2025-09-16 17:05:47,827 - INFO -   청크: 2010-09-21 ~ 2015-09-20
2025-09-16 17:05:47,828 - INFO - XLV 데이터 수집: 2010-09-21 ~ 2015-09-20
2025-09-16 17:05:48,382 - INFO - ✅ XLV: 1258 행 수집 (2010-09-21 ~ 2015-09-20)
2025-09-16 17:05:48,384 - INFO -   ✅ 1258 행 수집
2025-09-16 17:05:53,386 - INFO -   청크: 2015-09-21 ~ 2020-09-19
2025-09-16 17:05:53,387 - INFO - XLV 데이터 수집: 2015-09-21 ~ 2020-09-19
2025-09-16 17:05:54,059 - INFO - ✅ XLV: 1259 행 수집 (2015-09-21 ~ 2020-09-19)
2025-09-16 17:05:54,061 - INFO -   ✅ 1259 행 수집
2025-09-16 17:05:59,066 - INFO -   청크: 2020-09-20 ~ 2025-09-16
2025-09-16 17:05:59,066 - INFO - XLV 데이터 수집: 2020-09-20 ~ 2025-09-16
2025-09-16 17:05:59,714 - INFO - ✅ XLV: 1253 행 수집 (2020-09-20 ~ 2025-09-16)
2025-09-16 17:05:59,715 - INFO -   ✅ 1253 행 수집
2025-09-16 17:05:59,731 - INFO - ✅ XLV 첫 파일 생성! 1258 행
2025-09-16 17:06:00,777 - INFO - ✅ XLV 데이터 추가! 현재 총 2516 행
2025-09-16 17:06:01,827 - INFO - ✅ XLV 데이터 추가! 현재 총 3775 행
2025-09-16 17:06:02,892 - INFO - ✅ XLV 데이터 추가! 현재 총 5028 행
2025-09-16 17:06:03,897 - INFO - 🎉 XLV 수집 완료! 총 5028 행 추가
2025-09-16 17:06:03,897 - INFO - 다음 ETF까지 3초 대기...
2025-09-16 17:06:06,903 - INFO - 
📈 XLRE (Real Estate Sector ETF) 수집 중... [10/21]
2025-09-16 17:06:06,903 - INFO - 📈 XLRE (Real Estate Sector ETF) 스마트 수집 시작
2025-09-16 17:06:06,903 - INFO - 🗓️  XLRE full_data: 2005-09-21 ~ 2025-09-16
2025-09-16 17:06:06,904 - INFO -   청크: 2005-09-21 ~ 2010-09-20
2025-09-16 17:06:06,904 - INFO - XLRE 데이터 수집: 2005-09-21 ~ 2010-09-20
2025-09-16 17:06:07,226 - ERROR -   ❌ 청크 수집 실패
2025-09-16 17:06:12,231 - INFO -   청크: 2010-09-21 ~ 2015-09-20
2025-09-16 17:06:12,231 - INFO - XLRE 데이터 수집: 2010-09-21 ~ 2015-09-20
2025-09-16 17:06:12,544 - ERROR -   ❌ 청크 수집 실패
2025-09-16 17:06:17,546 - INFO -   청크: 2015-09-21 ~ 2020-09-19
2025-09-16 17:06:17,546 - INFO - XLRE 데이터 수집: 2015-09-21 ~ 2020-09-19
2025-09-16 17:06:18,125 - INFO - ✅ XLRE: 1246 행 수집 (2015-09-21 ~ 2020-09-19)
2025-09-16 17:06:18,128 - INFO -   ✅ 1246 행 수집
2025-09-16 17:06:23,133 - INFO -   청크: 2020-09-20 ~ 2025-09-16
2025-09-16 17:06:23,133 - INFO - XLRE 데이터 수집: 2020-09-20 ~ 2025-09-16
2025-09-16 17:06:23,805 - INFO - ✅ XLRE: 1253 행 수집 (2020-09-20 ~ 2025-09-16)
2025-09-16 17:06:23,806 - INFO -   ✅ 1253 행 수집
2025-09-16 17:06:23,816 - INFO - ✅ XLRE 첫 파일 생성! 1246 행
2025-09-16 17:06:24,854 - INFO - ✅ XLRE 데이터 추가! 현재 총 2499 행
2025-09-16 17:06:25,858 - INFO - 🎉 XLRE 수집 완료! 총 2499 행 추가
2025-09-16 17:06:25,859 - INFO - 다음 ETF까지 3초 대기...
2025-09-16 17:06:28,864 - INFO - 
📈 EFA (Developed Markets ETF) 수집 중... [11/21]
2025-09-16 17:06:28,864 - INFO - 📈 EFA (Developed Markets ETF) 스마트 수집 시작
2025-09-16 17:06:28,865 - INFO - 🗓️  EFA full_data: 2005-09-21 ~ 2025-09-16
2025-09-16 17:06:28,865 - INFO -   청크: 2005-09-21 ~ 2010-09-20
2025-09-16 17:06:28,865 - INFO - EFA 데이터 수집: 2005-09-21 ~ 2010-09-20
2025-09-16 17:06:30,884 - INFO - ✅ EFA: 1258 행 수집 (2005-09-21 ~ 2010-09-20)
2025-09-16 17:06:30,885 - INFO -   ✅ 1258 행 수집
2025-09-16 17:06:35,888 - INFO -   청크: 2010-09-21 ~ 2015-09-20
2025-09-16 17:06:35,888 - INFO - EFA 데이터 수집: 2010-09-21 ~ 2015-09-20
2025-09-16 17:06:36,463 - INFO - ✅ EFA: 1258 행 수집 (2010-09-21 ~ 2015-09-20)
2025-09-16 17:06:36,465 - INFO -   ✅ 1258 행 수집
2025-09-16 17:06:41,470 - INFO -   청크: 2015-09-21 ~ 2020-09-19
2025-09-16 17:06:41,471 - INFO - EFA 데이터 수집: 2015-09-21 ~ 2020-09-19
2025-09-16 17:06:42,121 - INFO - ✅ EFA: 1259 행 수집 (2015-09-21 ~ 2020-09-19)
2025-09-16 17:06:42,123 - INFO -   ✅ 1259 행 수집
2025-09-16 17:06:47,127 - INFO -   청크: 2020-09-20 ~ 2025-09-16
2025-09-16 17:06:47,127 - INFO - EFA 데이터 수집: 2020-09-20 ~ 2025-09-16
2025-09-16 17:06:47,670 - INFO - ✅ EFA: 1253 행 수집 (2020-09-20 ~ 2025-09-16)
2025-09-16 17:06:47,672 - INFO -   ✅ 1253 행 수집
2025-09-16 17:06:47,685 - INFO - ✅ EFA 첫 파일 생성! 1258 행
2025-09-16 17:06:48,731 - INFO - ✅ EFA 데이터 추가! 현재 총 2516 행
2025-09-16 17:06:49,789 - INFO - ✅ EFA 데이터 추가! 현재 총 3775 행
2025-09-16 17:06:50,857 - INFO - ✅ EFA 데이터 추가! 현재 총 5028 행
2025-09-16 17:06:51,862 - INFO - 🎉 EFA 수집 완료! 총 5028 행 추가
2025-09-16 17:06:51,864 - INFO - 다음 ETF까지 3초 대기...
2025-09-16 17:06:54,865 - INFO - 
📈 EEM (Emerging Markets ETF) 수집 중... [12/21]
2025-09-16 17:06:54,865 - INFO - 📈 EEM (Emerging Markets ETF) 스마트 수집 시작
2025-09-16 17:06:54,866 - INFO - 🗓️  EEM full_data: 2005-09-21 ~ 2025-09-16
2025-09-16 17:06:54,866 - INFO -   청크: 2005-09-21 ~ 2010-09-20
2025-09-16 17:06:54,866 - INFO - EEM 데이터 수집: 2005-09-21 ~ 2010-09-20
2025-09-16 17:06:55,451 - INFO - ✅ EEM: 1258 행 수집 (2005-09-21 ~ 2010-09-20)
2025-09-16 17:06:55,453 - INFO -   ✅ 1258 행 수집
2025-09-16 17:07:00,458 - INFO -   청크: 2010-09-21 ~ 2015-09-20
2025-09-16 17:07:00,459 - INFO - EEM 데이터 수집: 2010-09-21 ~ 2015-09-20
2025-09-16 17:07:01,011 - INFO - ✅ EEM: 1258 행 수집 (2010-09-21 ~ 2015-09-20)
2025-09-16 17:07:01,014 - INFO -   ✅ 1258 행 수집
2025-09-16 17:07:06,019 - INFO -   청크: 2015-09-21 ~ 2020-09-19
2025-09-16 17:07:06,019 - INFO - EEM 데이터 수집: 2015-09-21 ~ 2020-09-19
2025-09-16 17:07:06,693 - INFO - ✅ EEM: 1259 행 수집 (2015-09-21 ~ 2020-09-19)
2025-09-16 17:07:06,694 - INFO -   ✅ 1259 행 수집
2025-09-16 17:07:11,697 - INFO -   청크: 2020-09-20 ~ 2025-09-16
2025-09-16 17:07:11,697 - INFO - EEM 데이터 수집: 2020-09-20 ~ 2025-09-16
2025-09-16 17:07:12,250 - INFO - ✅ EEM: 1253 행 수집 (2020-09-20 ~ 2025-09-16)
2025-09-16 17:07:12,252 - INFO -   ✅ 1253 행 수집
2025-09-16 17:07:12,265 - INFO - ✅ EEM 첫 파일 생성! 1258 행
2025-09-16 17:07:13,310 - INFO - ✅ EEM 데이터 추가! 현재 총 2516 행
2025-09-16 17:07:14,364 - INFO - ✅ EEM 데이터 추가! 현재 총 3775 행
2025-09-16 17:07:15,427 - INFO - ✅ EEM 데이터 추가! 현재 총 5028 행
2025-09-16 17:07:16,430 - INFO - 🎉 EEM 수집 완료! 총 5028 행 추가
2025-09-16 17:07:16,431 - INFO - 다음 ETF까지 3초 대기...
2025-09-16 17:07:19,434 - INFO - 
📈 VEA (Developed Markets Ex-US ETF) 수집 중... [13/21]
2025-09-16 17:07:19,434 - INFO - 📈 VEA (Developed Markets Ex-US ETF) 스마트 수집 시작
2025-09-16 17:07:19,435 - INFO - 🗓️  VEA full_data: 2005-09-21 ~ 2025-09-16
2025-09-16 17:07:19,435 - INFO -   청크: 2005-09-21 ~ 2010-09-20
2025-09-16 17:07:19,435 - INFO - VEA 데이터 수집: 2005-09-21 ~ 2010-09-20
2025-09-16 17:07:19,974 - INFO - ✅ VEA: 795 행 수집 (2005-09-21 ~ 2010-09-20)
2025-09-16 17:07:19,975 - INFO -   ✅ 795 행 수집
2025-09-16 17:07:24,981 - INFO -   청크: 2010-09-21 ~ 2015-09-20
2025-09-16 17:07:24,981 - INFO - VEA 데이터 수집: 2010-09-21 ~ 2015-09-20
2025-09-16 17:07:25,552 - INFO - ✅ VEA: 1258 행 수집 (2010-09-21 ~ 2015-09-20)
2025-09-16 17:07:25,553 - INFO -   ✅ 1258 행 수집
2025-09-16 17:07:30,558 - INFO -   청크: 2015-09-21 ~ 2020-09-19
2025-09-16 17:07:30,559 - INFO - VEA 데이터 수집: 2015-09-21 ~ 2020-09-19
2025-09-16 17:07:31,231 - INFO - ✅ VEA: 1259 행 수집 (2015-09-21 ~ 2020-09-19)
2025-09-16 17:07:31,233 - INFO -   ✅ 1259 행 수집
2025-09-16 17:07:36,238 - INFO -   청크: 2020-09-20 ~ 2025-09-16
2025-09-16 17:07:36,239 - INFO - VEA 데이터 수집: 2020-09-20 ~ 2025-09-16
2025-09-16 17:07:36,487 - WARNING - Rate limit 도달! 1시간 대기...
2025-09-16 18:07:36,499 - ERROR -   ❌ 청크 수집 실패
2025-09-16 18:07:36,512 - INFO - ✅ VEA 첫 파일 생성! 795 행
2025-09-16 18:07:37,552 - INFO - ✅ VEA 데이터 추가! 현재 총 2053 행
2025-09-16 18:07:38,603 - INFO - ✅ VEA 데이터 추가! 현재 총 3312 행
2025-09-16 18:07:39,605 - INFO - 🎉 VEA 수집 완료! 총 3312 행 추가
2025-09-16 18:07:39,606 - INFO - 다음 ETF까지 3초 대기...
2025-09-16 18:07:42,613 - INFO - 
📈 TLT (20+ Year Treasury ETF) 수집 중... [14/21]
2025-09-16 18:07:42,614 - INFO - 📈 TLT (20+ Year Treasury ETF) 스마트 수집 시작
2025-09-16 18:07:42,614 - INFO - 🗓️  TLT full_data: 2005-09-21 ~ 2025-09-16
2025-09-16 18:07:42,614 - INFO -   청크: 2005-09-21 ~ 2010-09-20
2025-09-16 18:07:42,614 - INFO - TLT 데이터 수집: 2005-09-21 ~ 2010-09-20
2025-09-16 18:07:43,323 - INFO - ✅ TLT: 1258 행 수집 (2005-09-21 ~ 2010-09-20)
2025-09-16 18:07:43,326 - INFO -   ✅ 1258 행 수집
2025-09-16 18:07:48,336 - INFO -   청크: 2010-09-21 ~ 2015-09-20
2025-09-16 18:07:48,336 - INFO - TLT 데이터 수집: 2010-09-21 ~ 2015-09-20
2025-09-16 18:07:48,903 - INFO - ✅ TLT: 1258 행 수집 (2010-09-21 ~ 2015-09-20)
2025-09-16 18:07:48,905 - INFO -   ✅ 1258 행 수집
2025-09-16 18:07:53,915 - INFO -   청크: 2015-09-21 ~ 2020-09-19
2025-09-16 18:07:53,916 - INFO - TLT 데이터 수집: 2015-09-21 ~ 2020-09-19
2025-09-16 18:07:54,573 - INFO - ✅ TLT: 1259 행 수집 (2015-09-21 ~ 2020-09-19)
2025-09-16 18:07:54,575 - INFO -   ✅ 1259 행 수집
2025-09-16 18:07:59,580 - INFO -   청크: 2020-09-20 ~ 2025-09-16
2025-09-16 18:07:59,580 - INFO - TLT 데이터 수집: 2020-09-20 ~ 2025-09-16
2025-09-16 18:08:00,145 - INFO - ✅ TLT: 1253 행 수집 (2020-09-20 ~ 2025-09-16)
2025-09-16 18:08:00,147 - INFO -   ✅ 1253 행 수집
2025-09-16 18:08:00,163 - INFO - ✅ TLT 첫 파일 생성! 1258 행
2025-09-16 18:08:01,210 - INFO - ✅ TLT 데이터 추가! 현재 총 2516 행
2025-09-16 18:08:02,270 - INFO - ✅ TLT 데이터 추가! 현재 총 3775 행
2025-09-16 18:08:03,343 - INFO - ✅ TLT 데이터 추가! 현재 총 5028 행
2025-09-16 18:08:04,353 - INFO - 🎉 TLT 수집 완료! 총 5028 행 추가
2025-09-16 18:08:04,354 - INFO - 다음 ETF까지 3초 대기...
2025-09-16 18:08:07,356 - INFO - 
📈 IEF (7-10 Year Treasury ETF) 수집 중... [15/21]
2025-09-16 18:08:07,356 - INFO - 📈 IEF (7-10 Year Treasury ETF) 스마트 수집 시작
2025-09-16 18:08:07,357 - INFO - 🗓️  IEF full_data: 2005-09-21 ~ 2025-09-16
2025-09-16 18:08:07,357 - INFO -   청크: 2005-09-21 ~ 2010-09-20
2025-09-16 18:08:07,357 - INFO - IEF 데이터 수집: 2005-09-21 ~ 2010-09-20
2025-09-16 18:08:08,006 - INFO - ✅ IEF: 1258 행 수집 (2005-09-21 ~ 2010-09-20)
2025-09-16 18:08:08,008 - INFO -   ✅ 1258 행 수집
2025-09-16 18:08:13,014 - INFO -   청크: 2010-09-21 ~ 2015-09-20
2025-09-16 18:08:13,014 - INFO - IEF 데이터 수집: 2010-09-21 ~ 2015-09-20
2025-09-16 18:08:13,568 - INFO - ✅ IEF: 1258 행 수집 (2010-09-21 ~ 2015-09-20)
2025-09-16 18:08:13,571 - INFO -   ✅ 1258 행 수집
2025-09-16 18:08:18,580 - INFO -   청크: 2015-09-21 ~ 2020-09-19
2025-09-16 18:08:18,581 - INFO - IEF 데이터 수집: 2015-09-21 ~ 2020-09-19
2025-09-16 18:08:19,298 - INFO - ✅ IEF: 1259 행 수집 (2015-09-21 ~ 2020-09-19)
2025-09-16 18:08:19,300 - INFO -   ✅ 1259 행 수집
2025-09-16 18:08:24,301 - INFO -   청크: 2020-09-20 ~ 2025-09-16
2025-09-16 18:08:24,301 - INFO - IEF 데이터 수집: 2020-09-20 ~ 2025-09-16
2025-09-16 18:08:24,857 - INFO - ✅ IEF: 1253 행 수집 (2020-09-20 ~ 2025-09-16)
2025-09-16 18:08:24,859 - INFO -   ✅ 1253 행 수집
2025-09-16 18:08:24,874 - INFO - ✅ IEF 첫 파일 생성! 1258 행
2025-09-16 18:08:25,922 - INFO - ✅ IEF 데이터 추가! 현재 총 2516 행
2025-09-16 18:08:26,984 - INFO - ✅ IEF 데이터 추가! 현재 총 3775 행
2025-09-16 18:08:28,053 - INFO - ✅ IEF 데이터 추가! 현재 총 5028 행
2025-09-16 18:08:29,061 - INFO - 🎉 IEF 수집 완료! 총 5028 행 추가
2025-09-16 18:08:29,062 - INFO - 다음 ETF까지 3초 대기...
2025-09-16 18:08:32,065 - INFO - 
📈 LQD (Investment Grade Corporate Bond ETF) 수집 중... [16/21]
2025-09-16 18:08:32,066 - INFO - 📈 LQD (Investment Grade Corporate Bond ETF) 스마트 수집 시작
2025-09-16 18:08:32,066 - INFO - 🗓️  LQD full_data: 2005-09-21 ~ 2025-09-16
2025-09-16 18:08:32,067 - INFO -   청크: 2005-09-21 ~ 2010-09-20
2025-09-16 18:08:32,067 - INFO - LQD 데이터 수집: 2005-09-21 ~ 2010-09-20
2025-09-16 18:08:32,720 - INFO - ✅ LQD: 1258 행 수집 (2005-09-21 ~ 2010-09-20)
2025-09-16 18:08:32,721 - INFO -   ✅ 1258 행 수집
2025-09-16 18:08:37,731 - INFO -   청크: 2010-09-21 ~ 2015-09-20
2025-09-16 18:08:37,731 - INFO - LQD 데이터 수집: 2010-09-21 ~ 2015-09-20
2025-09-16 18:08:38,421 - INFO - ✅ LQD: 1258 행 수집 (2010-09-21 ~ 2015-09-20)
2025-09-16 18:08:38,424 - INFO -   ✅ 1258 행 수집
2025-09-16 18:08:43,435 - INFO -   청크: 2015-09-21 ~ 2020-09-19
2025-09-16 18:08:43,435 - INFO - LQD 데이터 수집: 2015-09-21 ~ 2020-09-19
2025-09-16 18:08:44,186 - INFO - ✅ LQD: 1259 행 수집 (2015-09-21 ~ 2020-09-19)
2025-09-16 18:08:44,188 - INFO -   ✅ 1259 행 수집
2025-09-16 18:08:49,198 - INFO -   청크: 2020-09-20 ~ 2025-09-16
2025-09-16 18:08:49,198 - INFO - LQD 데이터 수집: 2020-09-20 ~ 2025-09-16
2025-09-16 18:08:49,957 - INFO - ✅ LQD: 1253 행 수집 (2020-09-20 ~ 2025-09-16)
2025-09-16 18:08:49,959 - INFO -   ✅ 1253 행 수집
2025-09-16 18:08:49,972 - INFO - ✅ LQD 첫 파일 생성! 1258 행
2025-09-16 18:08:51,011 - INFO - ✅ LQD 데이터 추가! 현재 총 2516 행
2025-09-16 18:08:52,070 - INFO - ✅ LQD 데이터 추가! 현재 총 3775 행
2025-09-16 18:08:53,135 - INFO - ✅ LQD 데이터 추가! 현재 총 5028 행
2025-09-16 18:08:54,145 - INFO - 🎉 LQD 수집 완료! 총 5028 행 추가
2025-09-16 18:08:54,147 - INFO - 다음 ETF까지 3초 대기...
2025-09-16 18:08:57,151 - INFO - 
📈 HYG (High Yield Corporate Bond ETF) 수집 중... [17/21]
2025-09-16 18:08:57,152 - INFO - 📈 HYG (High Yield Corporate Bond ETF) 스마트 수집 시작
2025-09-16 18:08:57,152 - INFO - 🗓️  HYG full_data: 2005-09-21 ~ 2025-09-16
2025-09-16 18:08:57,152 - INFO -   청크: 2005-09-21 ~ 2010-09-20
2025-09-16 18:08:57,153 - INFO - HYG 데이터 수집: 2005-09-21 ~ 2010-09-20
2025-09-16 18:08:57,674 - INFO - ✅ HYG: 869 행 수집 (2005-09-21 ~ 2010-09-20)
2025-09-16 18:08:57,675 - INFO -   ✅ 869 행 수집
2025-09-16 18:09:02,685 - INFO -   청크: 2010-09-21 ~ 2015-09-20
2025-09-16 18:09:02,685 - INFO - HYG 데이터 수집: 2010-09-21 ~ 2015-09-20
2025-09-16 18:09:03,371 - INFO - ✅ HYG: 1258 행 수집 (2010-09-21 ~ 2015-09-20)
2025-09-16 18:09:03,373 - INFO -   ✅ 1258 행 수집
2025-09-16 18:09:08,383 - INFO -   청크: 2015-09-21 ~ 2020-09-19
2025-09-16 18:09:08,383 - INFO - HYG 데이터 수집: 2015-09-21 ~ 2020-09-19
2025-09-16 18:09:09,112 - INFO - ✅ HYG: 1259 행 수집 (2015-09-21 ~ 2020-09-19)
2025-09-16 18:09:09,115 - INFO -   ✅ 1259 행 수집
2025-09-16 18:09:14,121 - INFO -   청크: 2020-09-20 ~ 2025-09-16
2025-09-16 18:09:14,121 - INFO - HYG 데이터 수집: 2020-09-20 ~ 2025-09-16
2025-09-16 18:09:14,803 - INFO - ✅ HYG: 1253 행 수집 (2020-09-20 ~ 2025-09-16)
2025-09-16 18:09:14,805 - INFO -   ✅ 1253 행 수집
2025-09-16 18:09:14,817 - INFO - ✅ HYG 첫 파일 생성! 869 행
2025-09-16 18:09:15,861 - INFO - ✅ HYG 데이터 추가! 현재 총 2127 행
2025-09-16 18:09:16,921 - INFO - ✅ HYG 데이터 추가! 현재 총 3386 행
2025-09-16 18:09:17,989 - INFO - ✅ HYG 데이터 추가! 현재 총 4639 행
2025-09-16 18:09:18,999 - INFO - 🎉 HYG 수집 완료! 총 4639 행 추가
2025-09-16 18:09:19,000 - INFO - 다음 ETF까지 3초 대기...
2025-09-16 18:09:22,006 - INFO - 
📈 GLD (Gold ETF) 수집 중... [18/21]
2025-09-16 18:09:22,007 - INFO - 📈 GLD (Gold ETF) 스마트 수집 시작
2025-09-16 18:09:22,007 - INFO - 🗓️  GLD full_data: 2005-09-21 ~ 2025-09-16
2025-09-16 18:09:22,007 - INFO -   청크: 2005-09-21 ~ 2010-09-20
2025-09-16 18:09:22,007 - INFO - GLD 데이터 수집: 2005-09-21 ~ 2010-09-20
2025-09-16 18:09:22,568 - INFO - ✅ GLD: 1258 행 수집 (2005-09-21 ~ 2010-09-20)
2025-09-16 18:09:22,570 - INFO -   ✅ 1258 행 수집
2025-09-16 18:09:27,571 - INFO -   청크: 2010-09-21 ~ 2015-09-20
2025-09-16 18:09:27,571 - INFO - GLD 데이터 수집: 2010-09-21 ~ 2015-09-20
2025-09-16 18:09:28,270 - INFO - ✅ GLD: 1258 행 수집 (2010-09-21 ~ 2015-09-20)
2025-09-16 18:09:28,273 - INFO -   ✅ 1258 행 수집
2025-09-16 18:09:33,283 - INFO -   청크: 2015-09-21 ~ 2020-09-19
2025-09-16 18:09:33,284 - INFO - GLD 데이터 수집: 2015-09-21 ~ 2020-09-19
2025-09-16 18:09:33,948 - INFO - ✅ GLD: 1259 행 수집 (2015-09-21 ~ 2020-09-19)
2025-09-16 18:09:33,950 - INFO -   ✅ 1259 행 수집
2025-09-16 18:09:38,960 - INFO -   청크: 2020-09-20 ~ 2025-09-16
2025-09-16 18:09:38,961 - INFO - GLD 데이터 수집: 2020-09-20 ~ 2025-09-16
2025-09-16 18:09:39,539 - INFO - ✅ GLD: 1253 행 수집 (2020-09-20 ~ 2025-09-16)
2025-09-16 18:09:39,541 - INFO -   ✅ 1253 행 수집
2025-09-16 18:09:39,553 - INFO - ✅ GLD 첫 파일 생성! 1258 행
2025-09-16 18:09:40,599 - INFO - ✅ GLD 데이터 추가! 현재 총 2516 행
2025-09-16 18:09:41,648 - INFO - ✅ GLD 데이터 추가! 현재 총 3775 행
2025-09-16 18:09:42,714 - INFO - ✅ GLD 데이터 추가! 현재 총 5028 행
2025-09-16 18:09:43,722 - INFO - 🎉 GLD 수집 완료! 총 5028 행 추가
2025-09-16 18:09:43,723 - INFO - 다음 ETF까지 3초 대기...
2025-09-16 18:09:46,731 - INFO - 
📈 SLV (Silver ETF) 수집 중... [19/21]
2025-09-16 18:09:46,732 - INFO - 📈 SLV (Silver ETF) 스마트 수집 시작
2025-09-16 18:09:46,733 - INFO - 🗓️  SLV full_data: 2005-09-21 ~ 2025-09-16
2025-09-16 18:09:46,733 - INFO -   청크: 2005-09-21 ~ 2010-09-20
2025-09-16 18:09:46,733 - INFO - SLV 데이터 수집: 2005-09-21 ~ 2010-09-20
2025-09-16 18:09:47,357 - INFO - ✅ SLV: 1107 행 수집 (2005-09-21 ~ 2010-09-20)
2025-09-16 18:09:47,360 - INFO -   ✅ 1107 행 수집
2025-09-16 18:09:52,364 - INFO -   청크: 2010-09-21 ~ 2015-09-20
2025-09-16 18:09:52,364 - INFO - SLV 데이터 수집: 2010-09-21 ~ 2015-09-20
2025-09-16 18:09:53,014 - INFO - ✅ SLV: 1258 행 수집 (2010-09-21 ~ 2015-09-20)
2025-09-16 18:09:53,015 - INFO -   ✅ 1258 행 수집
2025-09-16 18:09:58,025 - INFO -   청크: 2015-09-21 ~ 2020-09-19
2025-09-16 18:09:58,026 - INFO - SLV 데이터 수집: 2015-09-21 ~ 2020-09-19
2025-09-16 18:09:58,674 - INFO - ✅ SLV: 1259 행 수집 (2015-09-21 ~ 2020-09-19)
2025-09-16 18:09:58,675 - INFO -   ✅ 1259 행 수집
2025-09-16 18:10:03,686 - INFO -   청크: 2020-09-20 ~ 2025-09-16
2025-09-16 18:10:03,686 - INFO - SLV 데이터 수집: 2020-09-20 ~ 2025-09-16
2025-09-16 18:10:04,267 - INFO - ✅ SLV: 1253 행 수집 (2020-09-20 ~ 2025-09-16)
2025-09-16 18:10:04,269 - INFO -   ✅ 1253 행 수집
2025-09-16 18:10:04,283 - INFO - ✅ SLV 첫 파일 생성! 1107 행
2025-09-16 18:10:05,325 - INFO - ✅ SLV 데이터 추가! 현재 총 2365 행
2025-09-16 18:10:06,386 - INFO - ✅ SLV 데이터 추가! 현재 총 3624 행
2025-09-16 18:10:07,445 - INFO - ✅ SLV 데이터 추가! 현재 총 4877 행
2025-09-16 18:10:08,455 - INFO - 🎉 SLV 수집 완료! 총 4877 행 추가
2025-09-16 18:10:08,455 - INFO - 다음 ETF까지 3초 대기...
2025-09-16 18:10:11,465 - INFO - 
📈 USO (Oil ETF) 수집 중... [20/21]
2025-09-16 18:10:11,465 - INFO - 📈 USO (Oil ETF) 스마트 수집 시작
2025-09-16 18:10:11,466 - INFO - 🗓️  USO full_data: 2005-09-21 ~ 2025-09-16
2025-09-16 18:10:11,466 - INFO -   청크: 2005-09-21 ~ 2010-09-20
2025-09-16 18:10:11,466 - INFO - USO 데이터 수집: 2005-09-21 ~ 2010-09-20
2025-09-16 18:10:12,098 - INFO - ✅ USO: 1120 행 수집 (2005-09-21 ~ 2010-09-20)
2025-09-16 18:10:12,100 - INFO -   ✅ 1120 행 수집
2025-09-16 18:10:17,103 - INFO -   청크: 2010-09-21 ~ 2015-09-20
2025-09-16 18:10:17,104 - INFO - USO 데이터 수집: 2010-09-21 ~ 2015-09-20
2025-09-16 18:10:17,679 - INFO - ✅ USO: 1258 행 수집 (2010-09-21 ~ 2015-09-20)
2025-09-16 18:10:17,681 - INFO -   ✅ 1258 행 수집
2025-09-16 18:10:22,691 - INFO -   청크: 2015-09-21 ~ 2020-09-19
2025-09-16 18:10:22,692 - INFO - USO 데이터 수집: 2015-09-21 ~ 2020-09-19
2025-09-16 18:10:23,348 - INFO - ✅ USO: 1259 행 수집 (2015-09-21 ~ 2020-09-19)
2025-09-16 18:10:23,351 - INFO -   ✅ 1259 행 수집
2025-09-16 18:10:28,354 - INFO -   청크: 2020-09-20 ~ 2025-09-16
2025-09-16 18:10:28,355 - INFO - USO 데이터 수집: 2020-09-20 ~ 2025-09-16
2025-09-16 18:10:28,913 - INFO - ✅ USO: 1253 행 수집 (2020-09-20 ~ 2025-09-16)
2025-09-16 18:10:28,914 - INFO -   ✅ 1253 행 수집
2025-09-16 18:10:28,926 - INFO - ✅ USO 첫 파일 생성! 1120 행
2025-09-16 18:10:29,972 - INFO - ✅ USO 데이터 추가! 현재 총 2378 행
2025-09-16 18:10:31,027 - INFO - ✅ USO 데이터 추가! 현재 총 3637 행
2025-09-16 18:10:32,092 - INFO - ✅ USO 데이터 추가! 현재 총 4890 행
2025-09-16 18:10:33,099 - INFO - 🎉 USO 수집 완료! 총 4890 행 추가
2025-09-16 18:10:33,101 - INFO - 다음 ETF까지 3초 대기...
2025-09-16 18:10:36,108 - INFO - 
📈 DBA (Agriculture ETF) 수집 중... [21/21]
2025-09-16 18:10:36,109 - INFO - 📈 DBA (Agriculture ETF) 스마트 수집 시작
2025-09-16 18:10:36,109 - INFO - 🗓️  DBA full_data: 2005-09-21 ~ 2025-09-16
2025-09-16 18:10:36,109 - INFO -   청크: 2005-09-21 ~ 2010-09-20
2025-09-16 18:10:36,109 - INFO - DBA 데이터 수집: 2005-09-21 ~ 2010-09-20
2025-09-16 18:10:36,718 - INFO - ✅ DBA: 934 행 수집 (2005-09-21 ~ 2010-09-20)
2025-09-16 18:10:36,720 - INFO -   ✅ 934 행 수집
2025-09-16 18:10:41,731 - INFO -   청크: 2010-09-21 ~ 2015-09-20
2025-09-16 18:10:41,731 - INFO - DBA 데이터 수집: 2010-09-21 ~ 2015-09-20
2025-09-16 18:10:42,300 - INFO - ✅ DBA: 1258 행 수집 (2010-09-21 ~ 2015-09-20)
2025-09-16 18:10:42,302 - INFO -   ✅ 1258 행 수집
2025-09-16 18:10:47,312 - INFO -   청크: 2015-09-21 ~ 2020-09-19
2025-09-16 18:10:47,312 - INFO - DBA 데이터 수집: 2015-09-21 ~ 2020-09-19
2025-09-16 18:10:48,052 - INFO - ✅ DBA: 1259 행 수집 (2015-09-21 ~ 2020-09-19)
2025-09-16 18:10:48,055 - INFO -   ✅ 1259 행 수집
2025-09-16 18:10:53,062 - INFO -   청크: 2020-09-20 ~ 2025-09-16
2025-09-16 18:10:53,063 - INFO - DBA 데이터 수집: 2020-09-20 ~ 2025-09-16
2025-09-16 18:10:53,647 - INFO - ✅ DBA: 1253 행 수집 (2020-09-20 ~ 2025-09-16)
2025-09-16 18:10:53,649 - INFO -   ✅ 1253 행 수집
2025-09-16 18:10:53,660 - INFO - ✅ DBA 첫 파일 생성! 934 행
2025-09-16 18:10:54,699 - INFO - ✅ DBA 데이터 추가! 현재 총 2192 행
2025-09-16 18:10:55,758 - INFO - ✅ DBA 데이터 추가! 현재 총 3451 행
2025-09-16 18:10:56,828 - INFO - ✅ DBA 데이터 추가! 현재 총 4704 행
2025-09-16 18:10:57,831 - INFO - 🎉 DBA 수집 완료! 총 4704 행 추가
2025-09-16 18:10:57,831 - INFO - 통합 파일 생성 중...
2025-09-16 18:10:58,175 - INFO - ✅ ETF 통합 가격 파일: /Users/xodh3/economic_analysis/data/raw/etfs/ETF_Combined.csv
2025-09-16 18:10:58,175 - INFO - ✅ ETF 통계 파일: /Users/xodh3/economic_analysis/data/raw/etfs/ETF_Statistics.csv
2025-09-16 18:10:58,176 - INFO - 
🎉 === ETF 스마트 수집 완료 ===
2025-09-16 18:10:58,176 - INFO - 수집 완료: 21/21
2025-09-16 18:10:58,176 - INFO - 총 API 요청: 84
2025-09-16 18:10:58,189 - INFO - ✅ SPY: 5028 행, 2005-09-21 ~ 2025-09-16
2025-09-16 18:10:58,210 - INFO - ✅ QQQ: 5028 행, 2005-09-21 ~ 2025-09-16
2025-09-16 18:10:58,223 - INFO - ✅ DIA: 5028 행, 2005-09-21 ~ 2025-09-16
2025-09-16 18:10:58,235 - INFO - ✅ VTI: 5028 행, 2005-09-21 ~ 2025-09-16
2025-09-16 18:10:58,247 - INFO - ✅ IWM: 5028 행, 2005-09-21 ~ 2025-09-16
2025-09-16 18:10:58,259 - INFO - ✅ XLF: 5028 행, 2005-09-21 ~ 2025-09-16
2025-09-16 18:10:58,271 - INFO - ✅ XLK: 5028 행, 2005-09-21 ~ 2025-09-16
2025-09-16 18:10:58,283 - INFO - ✅ XLE: 5028 행, 2005-09-21 ~ 2025-09-16
2025-09-16 18:10:58,295 - INFO - ✅ XLV: 5028 행, 2005-09-21 ~ 2025-09-16
2025-09-16 18:10:58,301 - INFO - ✅ XLRE: 2499 행, 2015-10-08 ~ 2025-09-16
2025-09-16 18:10:58,314 - INFO - ✅ EFA: 5028 행, 2005-09-21 ~ 2025-09-16
2025-09-16 18:10:58,326 - INFO - ✅ EEM: 5028 행, 2005-09-21 ~ 2025-09-16
2025-09-16 18:10:58,334 - INFO - ✅ VEA: 3312 행, 2007-07-26 ~ 2020-09-18
2025-09-16 18:10:58,346 - INFO - ✅ TLT: 5028 행, 2005-09-21 ~ 2025-09-16
2025-09-16 18:10:58,358 - INFO - ✅ IEF: 5028 행, 2005-09-21 ~ 2025-09-16
2025-09-16 18:10:58,371 - INFO - ✅ LQD: 5028 행, 2005-09-21 ~ 2025-09-16
2025-09-16 18:10:58,382 - INFO - ✅ HYG: 4639 행, 2007-04-11 ~ 2025-09-16
2025-09-16 18:10:58,395 - INFO - ✅ GLD: 5028 행, 2005-09-21 ~ 2025-09-16
2025-09-16 18:10:58,408 - INFO - ✅ SLV: 4877 행, 2006-04-28 ~ 2025-09-16
2025-09-16 18:10:58,421 - INFO - ✅ USO: 4890 행, 2006-04-10 ~ 2025-09-16
2025-09-16 18:10:58,433 - INFO - ✅ DBA: 4704 행, 2007-01-05 ~ 2025-09-16
2025-09-16 18:57:10,826 - INFO - ETF 스마트 컬렉터 초기화 완료
2025-09-16 18:57:14,046 - INFO - === 전체 ETF 스마트 수집 시작 ===
2025-09-16 18:57:14,046 - INFO - Tiingo API 연결 테스트...
2025-09-16 18:57:14,424 - INFO - API 연결 성공!
2025-09-16 18:57:14,454 - INFO - SPY 기존 데이터: 2005-09-21 ~ 2025-09-16 (5028 행)
2025-09-16 18:57:14,454 - WARNING - SPY 기존 파일 읽기 오류: can't compare offset-naive and offset-aware datetimes
2025-09-16 18:57:14,468 - INFO - QQQ 기존 데이터: 2005-09-21 ~ 2025-09-16 (5028 행)
2025-09-16 18:57:14,468 - WARNING - QQQ 기존 파일 읽기 오류: can't compare offset-naive and offset-aware datetimes
2025-09-16 18:57:14,481 - INFO - DIA 기존 데이터: 2005-09-21 ~ 2025-09-16 (5028 행)
2025-09-16 18:57:14,481 - WARNING - DIA 기존 파일 읽기 오류: can't compare offset-naive and offset-aware datetimes
2025-09-16 18:57:14,494 - INFO - VTI 기존 데이터: 2005-09-21 ~ 2025-09-16 (5028 행)
2025-09-16 18:57:14,494 - WARNING - VTI 기존 파일 읽기 오류: can't compare offset-naive and offset-aware datetimes
2025-09-16 18:57:14,507 - INFO - IWM 기존 데이터: 2005-09-21 ~ 2025-09-16 (5028 행)
2025-09-16 18:57:14,507 - WARNING - IWM 기존 파일 읽기 오류: can't compare offset-naive and offset-aware datetimes
2025-09-16 18:57:14,520 - INFO - XLF 기존 데이터: 2005-09-21 ~ 2025-09-16 (5028 행)
2025-09-16 18:57:14,520 - WARNING - XLF 기존 파일 읽기 오류: can't compare offset-naive and offset-aware datetimes
2025-09-16 18:57:14,533 - INFO - XLK 기존 데이터: 2005-09-21 ~ 2025-09-16 (5028 행)
2025-09-16 18:57:14,533 - WARNING - XLK 기존 파일 읽기 오류: can't compare offset-naive and offset-aware datetimes
2025-09-16 18:57:14,545 - INFO - XLE 기존 데이터: 2005-09-21 ~ 2025-09-16 (5028 행)
2025-09-16 18:57:14,545 - WARNING - XLE 기존 파일 읽기 오류: can't compare offset-naive and offset-aware datetimes
2025-09-16 18:57:14,558 - INFO - XLV 기존 데이터: 2005-09-21 ~ 2025-09-16 (5028 행)
2025-09-16 18:57:14,558 - WARNING - XLV 기존 파일 읽기 오류: can't compare offset-naive and offset-aware datetimes
2025-09-16 18:57:14,565 - INFO - XLRE 기존 데이터: 2015-10-08 ~ 2025-09-16 (2499 행)
2025-09-16 18:57:14,565 - WARNING - XLRE 기존 파일 읽기 오류: can't compare offset-naive and offset-aware datetimes
2025-09-16 18:57:14,578 - INFO - EFA 기존 데이터: 2005-09-21 ~ 2025-09-16 (5028 행)
2025-09-16 18:57:14,578 - WARNING - EFA 기존 파일 읽기 오류: can't compare offset-naive and offset-aware datetimes
2025-09-16 18:57:14,590 - INFO - EEM 기존 데이터: 2005-09-21 ~ 2025-09-16 (5028 행)
2025-09-16 18:57:14,590 - WARNING - EEM 기존 파일 읽기 오류: can't compare offset-naive and offset-aware datetimes
2025-09-16 18:57:14,599 - INFO - VEA 기존 데이터: 2007-07-26 ~ 2020-09-18 (3312 행)
2025-09-16 18:57:14,599 - WARNING - VEA 기존 파일 읽기 오류: can't compare offset-naive and offset-aware datetimes
2025-09-16 18:57:14,622 - INFO - TLT 기존 데이터: 2005-09-21 ~ 2025-09-16 (5028 행)
2025-09-16 18:57:14,622 - WARNING - TLT 기존 파일 읽기 오류: can't compare offset-naive and offset-aware datetimes
2025-09-16 18:57:14,635 - INFO - IEF 기존 데이터: 2005-09-21 ~ 2025-09-16 (5028 행)
2025-09-16 18:57:14,636 - WARNING - IEF 기존 파일 읽기 오류: can't compare offset-naive and offset-aware datetimes
2025-09-16 18:57:14,649 - INFO - LQD 기존 데이터: 2005-09-21 ~ 2025-09-16 (5028 행)
2025-09-16 18:57:14,649 - WARNING - LQD 기존 파일 읽기 오류: can't compare offset-naive and offset-aware datetimes
2025-09-16 18:57:14,661 - INFO - HYG 기존 데이터: 2007-04-11 ~ 2025-09-16 (4639 행)
2025-09-16 18:57:14,661 - WARNING - HYG 기존 파일 읽기 오류: can't compare offset-naive and offset-aware datetimes
2025-09-16 18:57:14,675 - INFO - GLD 기존 데이터: 2005-09-21 ~ 2025-09-16 (5028 행)
2025-09-16 18:57:14,676 - WARNING - GLD 기존 파일 읽기 오류: can't compare offset-naive and offset-aware datetimes
2025-09-16 18:57:14,689 - INFO - SLV 기존 데이터: 2006-04-28 ~ 2025-09-16 (4877 행)
2025-09-16 18:57:14,689 - WARNING - SLV 기존 파일 읽기 오류: can't compare offset-naive and offset-aware datetimes
2025-09-16 18:57:14,702 - INFO - USO 기존 데이터: 2006-04-10 ~ 2025-09-16 (4890 행)
2025-09-16 18:57:14,702 - WARNING - USO 기존 파일 읽기 오류: can't compare offset-naive and offset-aware datetimes
2025-09-16 18:57:14,715 - INFO - DBA 기존 데이터: 2007-01-05 ~ 2025-09-16 (4704 행)
2025-09-16 18:57:14,715 - WARNING - DBA 기존 파일 읽기 오류: can't compare offset-naive and offset-aware datetimes
2025-09-16 18:57:14,715 - INFO - 📋 수집 대상: ['SPY', 'QQQ', 'DIA', 'VTI', 'IWM', 'XLF', 'XLK', 'XLE', 'XLV', 'XLRE', 'EFA', 'EEM', 'VEA', 'TLT', 'IEF', 'LQD', 'HYG', 'GLD', 'SLV', 'USO', 'DBA']
2025-09-16 18:57:14,715 - INFO - 
📈 SPY (S&P 500 ETF) 수집 중... [1/21]
2025-09-16 18:57:14,715 - INFO - 📈 SPY (S&P 500 ETF) 스마트 수집 시작
2025-09-16 18:57:14,728 - INFO - SPY 기존 데이터: 2005-09-21 ~ 2025-09-16 (5028 행)
2025-09-16 18:57:14,729 - WARNING - SPY 기존 파일 읽기 오류: can't compare offset-naive and offset-aware datetimes
2025-09-16 18:57:14,729 - INFO - 🗓️  SPY full_data: 2005-09-21 ~ 2025-09-16
2025-09-16 18:57:14,729 - INFO - SPY 데이터 수집: 2005-09-21 ~ 2025-09-16
2025-09-16 18:57:15,472 - INFO - ✅ SPY: 5028 행 수집 (2005-09-21 ~ 2025-09-16)
2025-09-16 18:57:15,524 - INFO - ✅ SPY 데이터 추가! 현재 총 5028 행
2025-09-16 18:57:16,530 - INFO - 🎉 SPY 수집 완료! 총 5028 행 추가
2025-09-16 18:57:16,530 - INFO - 다음 ETF까지 3초 대기...
2025-09-16 18:57:19,534 - INFO - 
📈 QQQ (NASDAQ-100 ETF) 수집 중... [2/21]
2025-09-16 18:57:19,535 - INFO - 📈 QQQ (NASDAQ-100 ETF) 스마트 수집 시작
2025-09-16 18:57:19,560 - INFO - QQQ 기존 데이터: 2005-09-21 ~ 2025-09-16 (5028 행)
2025-09-16 18:57:19,561 - WARNING - QQQ 기존 파일 읽기 오류: can't compare offset-naive and offset-aware datetimes
2025-09-16 18:57:19,561 - INFO - 🗓️  QQQ full_data: 2005-09-21 ~ 2025-09-16
2025-09-16 18:57:19,561 - INFO - QQQ 데이터 수집: 2005-09-21 ~ 2025-09-16
2025-09-16 18:57:20,455 - INFO - ✅ QQQ: 5028 행 수집 (2005-09-21 ~ 2025-09-16)
2025-09-16 18:57:20,505 - INFO - ✅ QQQ 데이터 추가! 현재 총 5028 행
2025-09-16 18:57:21,510 - INFO - 🎉 QQQ 수집 완료! 총 5028 행 추가
2025-09-16 18:57:21,510 - INFO - 다음 ETF까지 3초 대기...
2025-09-16 18:57:24,512 - INFO - 
📈 DIA (Dow Jones ETF) 수집 중... [3/21]
2025-09-16 18:57:24,513 - INFO - 📈 DIA (Dow Jones ETF) 스마트 수집 시작
2025-09-16 18:57:24,535 - INFO - DIA 기존 데이터: 2005-09-21 ~ 2025-09-16 (5028 행)
2025-09-16 18:57:24,535 - WARNING - DIA 기존 파일 읽기 오류: can't compare offset-naive and offset-aware datetimes
2025-09-16 18:57:24,536 - INFO - 🗓️  DIA full_data: 2005-09-21 ~ 2025-09-16
2025-09-16 18:57:24,536 - INFO - DIA 데이터 수집: 2005-09-21 ~ 2025-09-16
2025-09-16 18:57:25,280 - INFO - ✅ DIA: 5028 행 수집 (2005-09-21 ~ 2025-09-16)
2025-09-16 18:57:25,331 - INFO - ✅ DIA 데이터 추가! 현재 총 5028 행
2025-09-16 18:57:26,337 - INFO - 🎉 DIA 수집 완료! 총 5028 행 추가
2025-09-16 18:57:26,337 - INFO - 다음 ETF까지 3초 대기...
2025-09-16 18:57:29,342 - INFO - 
📈 VTI (Total Stock Market ETF) 수집 중... [4/21]
2025-09-16 18:57:29,342 - INFO - 📈 VTI (Total Stock Market ETF) 스마트 수집 시작
2025-09-16 18:57:29,369 - INFO - VTI 기존 데이터: 2005-09-21 ~ 2025-09-16 (5028 행)
2025-09-16 18:57:29,369 - WARNING - VTI 기존 파일 읽기 오류: can't compare offset-naive and offset-aware datetimes
2025-09-16 18:57:29,369 - INFO - 🗓️  VTI full_data: 2005-09-21 ~ 2025-09-16
2025-09-16 18:57:29,369 - INFO - VTI 데이터 수집: 2005-09-21 ~ 2025-09-16
2025-09-16 18:57:30,108 - INFO - ✅ VTI: 5028 행 수집 (2005-09-21 ~ 2025-09-16)
2025-09-16 18:57:30,167 - INFO - ✅ VTI 데이터 추가! 현재 총 5028 행
2025-09-16 18:57:31,173 - INFO - 🎉 VTI 수집 완료! 총 5028 행 추가
2025-09-16 18:57:31,173 - INFO - 다음 ETF까지 3초 대기...
2025-09-16 18:57:34,179 - INFO - 
📈 IWM (Russell 2000 ETF) 수집 중... [5/21]
2025-09-16 18:57:34,179 - INFO - 📈 IWM (Russell 2000 ETF) 스마트 수집 시작
2025-09-16 18:57:34,206 - INFO - IWM 기존 데이터: 2005-09-21 ~ 2025-09-16 (5028 행)
2025-09-16 18:57:34,207 - WARNING - IWM 기존 파일 읽기 오류: can't compare offset-naive and offset-aware datetimes
2025-09-16 18:57:34,207 - INFO - 🗓️  IWM full_data: 2005-09-21 ~ 2025-09-16
2025-09-16 18:57:34,207 - INFO - IWM 데이터 수집: 2005-09-21 ~ 2025-09-16
2025-09-16 18:57:35,196 - INFO - ✅ IWM: 5028 행 수집 (2005-09-21 ~ 2025-09-16)
2025-09-16 18:57:35,245 - INFO - ✅ IWM 데이터 추가! 현재 총 5028 행
2025-09-16 18:57:36,250 - INFO - 🎉 IWM 수집 완료! 총 5028 행 추가
2025-09-16 18:57:36,251 - INFO - 다음 ETF까지 3초 대기...
2025-09-16 18:57:39,256 - INFO - 
📈 XLF (Financial Sector ETF) 수집 중... [6/21]
2025-09-16 18:57:39,256 - INFO - 📈 XLF (Financial Sector ETF) 스마트 수집 시작
2025-09-16 18:57:39,286 - INFO - XLF 기존 데이터: 2005-09-21 ~ 2025-09-16 (5028 행)
2025-09-16 18:57:39,286 - WARNING - XLF 기존 파일 읽기 오류: can't compare offset-naive and offset-aware datetimes
2025-09-16 18:57:39,286 - INFO - 🗓️  XLF full_data: 2005-09-21 ~ 2025-09-16
2025-09-16 18:57:39,286 - INFO - XLF 데이터 수집: 2005-09-21 ~ 2025-09-16
2025-09-16 18:57:40,158 - INFO - ✅ XLF: 5028 행 수집 (2005-09-21 ~ 2025-09-16)
2025-09-16 18:57:40,207 - INFO - ✅ XLF 데이터 추가! 현재 총 5028 행
2025-09-16 18:57:41,212 - INFO - 🎉 XLF 수집 완료! 총 5028 행 추가
2025-09-16 18:57:41,212 - INFO - 다음 ETF까지 3초 대기...
2025-09-16 18:57:44,217 - INFO - 
📈 XLK (Technology Sector ETF) 수집 중... [7/21]
2025-09-16 18:57:44,217 - INFO - 📈 XLK (Technology Sector ETF) 스마트 수집 시작
2025-09-16 18:57:44,246 - INFO - XLK 기존 데이터: 2005-09-21 ~ 2025-09-16 (5028 행)
2025-09-16 18:57:44,247 - WARNING - XLK 기존 파일 읽기 오류: can't compare offset-naive and offset-aware datetimes
2025-09-16 18:57:44,247 - INFO - 🗓️  XLK full_data: 2005-09-21 ~ 2025-09-16
2025-09-16 18:57:44,247 - INFO - XLK 데이터 수집: 2005-09-21 ~ 2025-09-16
2025-09-16 18:57:48,634 - INFO - ✅ XLK: 5028 행 수집 (2005-09-21 ~ 2025-09-16)
2025-09-16 18:57:48,682 - INFO - ✅ XLK 데이터 추가! 현재 총 5028 행
2025-09-16 18:57:49,687 - INFO - 🎉 XLK 수집 완료! 총 5028 행 추가
2025-09-16 18:57:49,688 - INFO - 다음 ETF까지 3초 대기...
2025-09-16 18:57:52,692 - INFO - 
📈 XLE (Energy Sector ETF) 수집 중... [8/21]
2025-09-16 18:57:52,693 - INFO - 📈 XLE (Energy Sector ETF) 스마트 수집 시작
2025-09-16 18:57:52,713 - INFO - XLE 기존 데이터: 2005-09-21 ~ 2025-09-16 (5028 행)
2025-09-16 18:57:52,713 - WARNING - XLE 기존 파일 읽기 오류: can't compare offset-naive and offset-aware datetimes
2025-09-16 18:57:52,713 - INFO - 🗓️  XLE full_data: 2005-09-21 ~ 2025-09-16
2025-09-16 18:57:52,713 - INFO - XLE 데이터 수집: 2005-09-21 ~ 2025-09-16
2025-09-16 18:57:53,585 - INFO - ✅ XLE: 5028 행 수집 (2005-09-21 ~ 2025-09-16)
2025-09-16 18:57:53,635 - INFO - ✅ XLE 데이터 추가! 현재 총 5028 행
2025-09-16 18:57:54,636 - INFO - 🎉 XLE 수집 완료! 총 5028 행 추가
2025-09-16 18:57:54,637 - INFO - 다음 ETF까지 3초 대기...
2025-09-16 18:57:57,639 - INFO - 
📈 XLV (Healthcare Sector ETF) 수집 중... [9/21]
2025-09-16 18:57:57,639 - INFO - 📈 XLV (Healthcare Sector ETF) 스마트 수집 시작
2025-09-16 18:57:57,666 - INFO - XLV 기존 데이터: 2005-09-21 ~ 2025-09-16 (5028 행)
2025-09-16 18:57:57,667 - WARNING - XLV 기존 파일 읽기 오류: can't compare offset-naive and offset-aware datetimes
2025-09-16 18:57:57,667 - INFO - 🗓️  XLV full_data: 2005-09-21 ~ 2025-09-16
2025-09-16 18:57:57,667 - INFO - XLV 데이터 수집: 2005-09-21 ~ 2025-09-16
2025-09-16 18:57:58,554 - INFO - ✅ XLV: 5028 행 수집 (2005-09-21 ~ 2025-09-16)
2025-09-16 18:57:58,602 - INFO - ✅ XLV 데이터 추가! 현재 총 5028 행
2025-09-16 18:57:59,608 - INFO - 🎉 XLV 수집 완료! 총 5028 행 추가
2025-09-16 18:57:59,608 - INFO - 다음 ETF까지 3초 대기...
2025-09-16 18:58:02,613 - INFO - 
📈 XLRE (Real Estate Sector ETF) 수집 중... [10/21]
2025-09-16 18:58:02,614 - INFO - 📈 XLRE (Real Estate Sector ETF) 스마트 수집 시작
2025-09-16 18:58:02,633 - INFO - XLRE 기존 데이터: 2015-10-08 ~ 2025-09-16 (2499 행)
2025-09-16 18:58:02,633 - WARNING - XLRE 기존 파일 읽기 오류: can't compare offset-naive and offset-aware datetimes
2025-09-16 18:58:02,633 - INFO - 🗓️  XLRE full_data: 2005-09-21 ~ 2025-09-16
2025-09-16 18:58:02,633 - INFO - XLRE 데이터 수집: 2005-09-21 ~ 2025-09-16
2025-09-16 18:58:03,387 - INFO - ✅ XLRE: 2499 행 수집 (2005-09-21 ~ 2025-09-16)
2025-09-16 18:58:03,419 - INFO - ✅ XLRE 데이터 추가! 현재 총 2499 행
2025-09-16 18:58:04,424 - INFO - 🎉 XLRE 수집 완료! 총 2499 행 추가
2025-09-16 18:58:04,425 - INFO - 다음 ETF까지 3초 대기...
2025-09-16 18:58:07,429 - INFO - 
📈 EFA (Developed Markets ETF) 수집 중... [11/21]
2025-09-16 18:58:07,429 - INFO - 📈 EFA (Developed Markets ETF) 스마트 수집 시작
2025-09-16 18:58:07,458 - INFO - EFA 기존 데이터: 2005-09-21 ~ 2025-09-16 (5028 행)
2025-09-16 18:58:07,458 - WARNING - EFA 기존 파일 읽기 오류: can't compare offset-naive and offset-aware datetimes
2025-09-16 18:58:07,458 - INFO - 🗓️  EFA full_data: 2005-09-21 ~ 2025-09-16
2025-09-16 18:58:07,459 - INFO - EFA 데이터 수집: 2005-09-21 ~ 2025-09-16
2025-09-16 18:58:08,327 - INFO - ✅ EFA: 5028 행 수집 (2005-09-21 ~ 2025-09-16)
2025-09-16 18:58:08,384 - INFO - ✅ EFA 데이터 추가! 현재 총 5028 행
2025-09-16 18:58:09,389 - INFO - 🎉 EFA 수집 완료! 총 5028 행 추가
2025-09-16 18:58:09,389 - INFO - 다음 ETF까지 3초 대기...
2025-09-16 18:58:12,393 - INFO - 
📈 EEM (Emerging Markets ETF) 수집 중... [12/21]
2025-09-16 18:58:12,394 - INFO - 📈 EEM (Emerging Markets ETF) 스마트 수집 시작
2025-09-16 18:58:12,422 - INFO - EEM 기존 데이터: 2005-09-21 ~ 2025-09-16 (5028 행)
2025-09-16 18:58:12,422 - WARNING - EEM 기존 파일 읽기 오류: can't compare offset-naive and offset-aware datetimes
2025-09-16 18:58:12,422 - INFO - 🗓️  EEM full_data: 2005-09-21 ~ 2025-09-16
2025-09-16 18:58:12,422 - INFO - EEM 데이터 수집: 2005-09-21 ~ 2025-09-16
2025-09-16 18:58:13,147 - INFO - ✅ EEM: 5028 행 수집 (2005-09-21 ~ 2025-09-16)
2025-09-16 18:58:13,195 - INFO - ✅ EEM 데이터 추가! 현재 총 5028 행
2025-09-16 18:58:14,201 - INFO - 🎉 EEM 수집 완료! 총 5028 행 추가
2025-09-16 18:58:14,201 - INFO - 다음 ETF까지 3초 대기...
2025-09-16 18:58:17,206 - INFO - 
📈 VEA (Developed Markets Ex-US ETF) 수집 중... [13/21]
2025-09-16 18:58:17,206 - INFO - 📈 VEA (Developed Markets Ex-US ETF) 스마트 수집 시작
2025-09-16 18:58:17,228 - INFO - VEA 기존 데이터: 2007-07-26 ~ 2020-09-18 (3312 행)
2025-09-16 18:58:17,228 - WARNING - VEA 기존 파일 읽기 오류: can't compare offset-naive and offset-aware datetimes
2025-09-16 18:58:17,228 - INFO - 🗓️  VEA full_data: 2005-09-21 ~ 2025-09-16
2025-09-16 18:58:17,228 - INFO - VEA 데이터 수집: 2005-09-21 ~ 2025-09-16
2025-09-16 18:58:18,069 - INFO - ✅ VEA: 4565 행 수집 (2005-09-21 ~ 2025-09-16)
2025-09-16 18:58:18,111 - INFO - ✅ VEA 데이터 추가! 현재 총 4565 행
2025-09-16 18:58:19,117 - INFO - 🎉 VEA 수집 완료! 총 4565 행 추가
2025-09-16 18:58:19,117 - INFO - 다음 ETF까지 3초 대기...
2025-09-16 18:58:22,121 - INFO - 
📈 TLT (20+ Year Treasury ETF) 수집 중... [14/21]
2025-09-16 18:58:22,122 - INFO - 📈 TLT (20+ Year Treasury ETF) 스마트 수집 시작
2025-09-16 18:58:22,150 - INFO - TLT 기존 데이터: 2005-09-21 ~ 2025-09-16 (5028 행)
2025-09-16 18:58:22,150 - WARNING - TLT 기존 파일 읽기 오류: can't compare offset-naive and offset-aware datetimes
2025-09-16 18:58:22,150 - INFO - 🗓️  TLT full_data: 2005-09-21 ~ 2025-09-16
2025-09-16 18:58:22,150 - INFO - TLT 데이터 수집: 2005-09-21 ~ 2025-09-16
2025-09-16 18:58:22,896 - INFO - ✅ TLT: 5028 행 수집 (2005-09-21 ~ 2025-09-16)
2025-09-16 18:58:22,945 - INFO - ✅ TLT 데이터 추가! 현재 총 5028 행
2025-09-16 18:58:23,950 - INFO - 🎉 TLT 수집 완료! 총 5028 행 추가
2025-09-16 18:58:23,950 - INFO - 다음 ETF까지 3초 대기...
2025-09-16 18:58:26,955 - INFO - 
📈 IEF (7-10 Year Treasury ETF) 수집 중... [15/21]
2025-09-16 18:58:26,956 - INFO - 📈 IEF (7-10 Year Treasury ETF) 스마트 수집 시작
2025-09-16 18:58:26,983 - INFO - IEF 기존 데이터: 2005-09-21 ~ 2025-09-16 (5028 행)
2025-09-16 18:58:26,984 - WARNING - IEF 기존 파일 읽기 오류: can't compare offset-naive and offset-aware datetimes
2025-09-16 18:58:26,984 - INFO - 🗓️  IEF full_data: 2005-09-21 ~ 2025-09-16
2025-09-16 18:58:26,984 - INFO - IEF 데이터 수집: 2005-09-21 ~ 2025-09-16
2025-09-16 18:58:27,715 - INFO - ✅ IEF: 5028 행 수집 (2005-09-21 ~ 2025-09-16)
2025-09-16 18:58:27,765 - INFO - ✅ IEF 데이터 추가! 현재 총 5028 행
2025-09-16 18:58:28,770 - INFO - 🎉 IEF 수집 완료! 총 5028 행 추가
2025-09-16 18:58:28,771 - INFO - 다음 ETF까지 3초 대기...
2025-09-16 18:58:31,775 - INFO - 
📈 LQD (Investment Grade Corporate Bond ETF) 수집 중... [16/21]
2025-09-16 18:58:31,775 - INFO - 📈 LQD (Investment Grade Corporate Bond ETF) 스마트 수집 시작
2025-09-16 18:58:31,803 - INFO - LQD 기존 데이터: 2005-09-21 ~ 2025-09-16 (5028 행)
2025-09-16 18:58:31,803 - WARNING - LQD 기존 파일 읽기 오류: can't compare offset-naive and offset-aware datetimes
2025-09-16 18:58:31,803 - INFO - 🗓️  LQD full_data: 2005-09-21 ~ 2025-09-16
2025-09-16 18:58:31,803 - INFO - LQD 데이터 수집: 2005-09-21 ~ 2025-09-16
2025-09-16 18:58:32,937 - INFO - ✅ LQD: 5028 행 수집 (2005-09-21 ~ 2025-09-16)
2025-09-16 18:58:32,985 - INFO - ✅ LQD 데이터 추가! 현재 총 5028 행
2025-09-16 18:58:33,991 - INFO - 🎉 LQD 수집 완료! 총 5028 행 추가
2025-09-16 18:58:33,991 - INFO - 다음 ETF까지 3초 대기...
2025-09-16 18:58:36,995 - INFO - 
📈 HYG (High Yield Corporate Bond ETF) 수집 중... [17/21]
2025-09-16 18:58:36,996 - INFO - 📈 HYG (High Yield Corporate Bond ETF) 스마트 수집 시작
2025-09-16 18:58:37,024 - INFO - HYG 기존 데이터: 2007-04-11 ~ 2025-09-16 (4639 행)
2025-09-16 18:58:37,024 - WARNING - HYG 기존 파일 읽기 오류: can't compare offset-naive and offset-aware datetimes
2025-09-16 18:58:37,024 - INFO - 🗓️  HYG full_data: 2005-09-21 ~ 2025-09-16
2025-09-16 18:58:37,024 - INFO - HYG 데이터 수집: 2005-09-21 ~ 2025-09-16
2025-09-16 18:58:37,765 - INFO - ✅ HYG: 4639 행 수집 (2005-09-21 ~ 2025-09-16)
2025-09-16 18:58:37,811 - INFO - ✅ HYG 데이터 추가! 현재 총 4639 행
2025-09-16 18:58:38,816 - INFO - 🎉 HYG 수집 완료! 총 4639 행 추가
2025-09-16 18:58:38,817 - INFO - 다음 ETF까지 3초 대기...
2025-09-16 18:58:41,819 - INFO - 
📈 GLD (Gold ETF) 수집 중... [18/21]
2025-09-16 18:58:41,820 - INFO - 📈 GLD (Gold ETF) 스마트 수집 시작
2025-09-16 18:58:41,848 - INFO - GLD 기존 데이터: 2005-09-21 ~ 2025-09-16 (5028 행)
2025-09-16 18:58:41,848 - WARNING - GLD 기존 파일 읽기 오류: can't compare offset-naive and offset-aware datetimes
2025-09-16 18:58:41,848 - INFO - 🗓️  GLD full_data: 2005-09-21 ~ 2025-09-16
2025-09-16 18:58:41,848 - INFO - GLD 데이터 수집: 2005-09-21 ~ 2025-09-16
2025-09-16 18:58:42,709 - INFO - ✅ GLD: 5028 행 수집 (2005-09-21 ~ 2025-09-16)
2025-09-16 18:58:42,754 - INFO - ✅ GLD 데이터 추가! 현재 총 5028 행
2025-09-16 18:58:43,759 - INFO - 🎉 GLD 수집 완료! 총 5028 행 추가
2025-09-16 18:58:43,760 - INFO - 다음 ETF까지 3초 대기...
2025-09-16 18:58:46,760 - INFO - 
📈 SLV (Silver ETF) 수집 중... [19/21]
2025-09-16 18:58:46,761 - INFO - 📈 SLV (Silver ETF) 스마트 수집 시작
2025-09-16 18:58:46,788 - INFO - SLV 기존 데이터: 2006-04-28 ~ 2025-09-16 (4877 행)
2025-09-16 18:58:46,788 - WARNING - SLV 기존 파일 읽기 오류: can't compare offset-naive and offset-aware datetimes
2025-09-16 18:58:46,788 - INFO - 🗓️  SLV full_data: 2005-09-21 ~ 2025-09-16
2025-09-16 18:58:46,788 - INFO - SLV 데이터 수집: 2005-09-21 ~ 2025-09-16
2025-09-16 18:58:47,530 - INFO - ✅ SLV: 4877 행 수집 (2005-09-21 ~ 2025-09-16)
2025-09-16 18:58:47,582 - INFO - ✅ SLV 데이터 추가! 현재 총 4877 행
2025-09-16 18:58:48,587 - INFO - 🎉 SLV 수집 완료! 총 4877 행 추가
2025-09-16 18:58:48,588 - INFO - 다음 ETF까지 3초 대기...
2025-09-16 18:58:51,593 - INFO - 
📈 USO (Oil ETF) 수집 중... [20/21]
2025-09-16 18:58:51,594 - INFO - 📈 USO (Oil ETF) 스마트 수집 시작
2025-09-16 18:58:51,619 - INFO - USO 기존 데이터: 2006-04-10 ~ 2025-09-16 (4890 행)
2025-09-16 18:58:51,620 - WARNING - USO 기존 파일 읽기 오류: can't compare offset-naive and offset-aware datetimes
2025-09-16 18:58:51,620 - INFO - 🗓️  USO full_data: 2005-09-21 ~ 2025-09-16
2025-09-16 18:58:51,620 - INFO - USO 데이터 수집: 2005-09-21 ~ 2025-09-16
2025-09-16 18:58:52,212 - WARNING - Rate limit 도달! 1시간 대기...
2025-09-16 19:58:52,250 - INFO - 🎉 USO 수집 완료! 총 0 행 추가
2025-09-16 19:58:52,251 - INFO - 다음 ETF까지 3초 대기...
2025-09-16 19:58:55,254 - INFO - 
📈 DBA (Agriculture ETF) 수집 중... [21/21]
2025-09-16 19:58:55,255 - INFO - 📈 DBA (Agriculture ETF) 스마트 수집 시작
2025-09-16 19:58:55,280 - INFO - DBA 기존 데이터: 2007-01-05 ~ 2025-09-16 (4704 행)
2025-09-16 19:58:55,280 - WARNING - DBA 기존 파일 읽기 오류: can't compare offset-naive and offset-aware datetimes
2025-09-16 19:58:55,280 - INFO - 🗓️  DBA full_data: 2005-09-21 ~ 2025-09-16
2025-09-16 19:58:55,280 - INFO - DBA 데이터 수집: 2005-09-21 ~ 2025-09-16
2025-09-16 19:58:56,088 - INFO - ✅ DBA: 4704 행 수집 (2005-09-21 ~ 2025-09-16)
2025-09-16 19:58:56,134 - INFO - ✅ DBA 데이터 추가! 현재 총 4704 행
2025-09-16 19:58:57,139 - INFO - 🎉 DBA 수집 완료! 총 4704 행 추가
2025-09-16 19:58:57,140 - INFO - 통합 파일 생성 중...
2025-09-16 19:58:57,505 - INFO - ✅ ETF 통합 가격 파일: /Users/xodh3/economic_analysis/data/raw/etfs/ETF_Combined.csv
2025-09-16 19:58:57,506 - INFO - ✅ ETF 통계 파일: /Users/xodh3/economic_analysis/data/raw/etfs/ETF_Statistics.csv
2025-09-16 19:58:57,506 - INFO - 
🎉 === ETF 스마트 수집 완료 ===
2025-09-16 19:58:57,506 - INFO - 수집 완료: 21/21
2025-09-16 19:58:57,506 - INFO - 총 API 요청: 21
2025-09-16 19:58:57,519 - INFO - ✅ SPY: 5028 행, 2005-09-21 ~ 2025-09-16
2025-09-16 19:58:57,531 - INFO - ✅ QQQ: 5028 행, 2005-09-21 ~ 2025-09-16
2025-09-16 19:58:57,544 - INFO - ✅ DIA: 5028 행, 2005-09-21 ~ 2025-09-16
2025-09-16 19:58:57,557 - INFO - ✅ VTI: 5028 행, 2005-09-21 ~ 2025-09-16
2025-09-16 19:58:57,569 - INFO - ✅ IWM: 5028 행, 2005-09-21 ~ 2025-09-16
2025-09-16 19:58:57,582 - INFO - ✅ XLF: 5028 행, 2005-09-21 ~ 2025-09-16
2025-09-16 19:58:57,594 - INFO - ✅ XLK: 5028 행, 2005-09-21 ~ 2025-09-16
2025-09-16 19:58:57,606 - INFO - ✅ XLE: 5028 행, 2005-09-21 ~ 2025-09-16
2025-09-16 19:58:57,618 - INFO - ✅ XLV: 5028 행, 2005-09-21 ~ 2025-09-16
2025-09-16 19:58:57,625 - INFO - ✅ XLRE: 2499 행, 2015-10-08 ~ 2025-09-16
2025-09-16 19:58:57,637 - INFO - ✅ EFA: 5028 행, 2005-09-21 ~ 2025-09-16
2025-09-16 19:58:57,649 - INFO - ✅ EEM: 5028 행, 2005-09-21 ~ 2025-09-16
2025-09-16 19:58:57,661 - INFO - ✅ VEA: 4565 행, 2007-07-26 ~ 2025-09-16
2025-09-16 19:58:57,673 - INFO - ✅ TLT: 5028 행, 2005-09-21 ~ 2025-09-16
2025-09-16 19:58:57,695 - INFO - ✅ IEF: 5028 행, 2005-09-21 ~ 2025-09-16
2025-09-16 19:58:57,707 - INFO - ✅ LQD: 5028 행, 2005-09-21 ~ 2025-09-16
2025-09-16 19:58:57,719 - INFO - ✅ HYG: 4639 행, 2007-04-11 ~ 2025-09-16
2025-09-16 19:58:57,733 - INFO - ✅ GLD: 5028 행, 2005-09-21 ~ 2025-09-16
2025-09-16 19:58:57,746 - INFO - ✅ SLV: 4877 행, 2006-04-28 ~ 2025-09-16
2025-09-16 19:58:57,758 - INFO - ✅ USO: 4890 행, 2006-04-10 ~ 2025-09-16
2025-09-16 19:58:57,770 - INFO - ✅ DBA: 4704 행, 2007-01-05 ~ 2025-09-16
2025-09-16 20:45:53,638 - INFO - ETF Smart Collector initialized.
2025-09-16 20:45:53,639 - INFO - === Starting full ETF smart collection run ===
2025-09-16 20:45:53,639 - INFO - 📈 Starting smart collection for SPY...
2025-09-16 20:45:54,597 - INFO - ✅ SPY: Fetched 5028 rows from 2005-09-21 to 2025-09-16
2025-09-16 20:45:54,614 - INFO - ✅ SPY: Data saved. Total rows: 5028
2025-09-16 20:45:54,615 - INFO - Waiting 3 seconds before next ETF...
2025-09-16 20:45:57,620 - INFO - 📈 Starting smart collection for QQQ...
2025-09-16 20:45:58,348 - INFO - ✅ QQQ: Fetched 5028 rows from 2005-09-21 to 2025-09-16
2025-09-16 20:45:58,364 - INFO - ✅ QQQ: Data saved. Total rows: 5028
2025-09-16 20:45:58,365 - INFO - Waiting 3 seconds before next ETF...
2025-09-16 20:46:01,370 - INFO - 📈 Starting smart collection for DIA...
2025-09-16 20:46:02,230 - INFO - ✅ DIA: Fetched 5028 rows from 2005-09-21 to 2025-09-16
2025-09-16 20:46:02,247 - INFO - ✅ DIA: Data saved. Total rows: 5028
2025-09-16 20:46:02,247 - INFO - Waiting 3 seconds before next ETF...
2025-09-16 20:46:05,253 - INFO - 📈 Starting smart collection for VTI...
2025-09-16 20:46:06,169 - INFO - ✅ VTI: Fetched 5028 rows from 2005-09-21 to 2025-09-16
2025-09-16 20:46:06,186 - INFO - ✅ VTI: Data saved. Total rows: 5028
2025-09-16 20:46:06,186 - INFO - Waiting 3 seconds before next ETF...
2025-09-16 20:46:09,191 - INFO - 📈 Starting smart collection for IWM...
2025-09-16 20:46:09,957 - INFO - ✅ IWM: Fetched 5028 rows from 2005-09-21 to 2025-09-16
2025-09-16 20:46:09,974 - INFO - ✅ IWM: Data saved. Total rows: 5028
2025-09-16 20:46:09,974 - INFO - Waiting 3 seconds before next ETF...
2025-09-16 20:46:12,979 - INFO - 📈 Starting smart collection for XLF...
2025-09-16 20:46:13,837 - INFO - ✅ XLF: Fetched 5028 rows from 2005-09-21 to 2025-09-16
2025-09-16 20:46:13,854 - INFO - ✅ XLF: Data saved. Total rows: 5028
2025-09-16 20:46:13,854 - INFO - Waiting 3 seconds before next ETF...
2025-09-16 20:46:16,859 - INFO - 📈 Starting smart collection for XLK...
2025-09-16 20:46:17,601 - INFO - ✅ XLK: Fetched 5028 rows from 2005-09-21 to 2025-09-16
2025-09-16 20:46:17,619 - INFO - ✅ XLK: Data saved. Total rows: 5028
2025-09-16 20:46:17,619 - INFO - Waiting 3 seconds before next ETF...
2025-09-16 20:46:20,625 - INFO - 📈 Starting smart collection for XLE...
2025-09-16 20:46:21,369 - INFO - ✅ XLE: Fetched 5028 rows from 2005-09-21 to 2025-09-16
2025-09-16 20:46:21,385 - INFO - ✅ XLE: Data saved. Total rows: 5028
2025-09-16 20:46:21,385 - INFO - Waiting 3 seconds before next ETF...
2025-09-16 20:46:24,390 - INFO - 📈 Starting smart collection for XLV...
2025-09-16 20:46:25,141 - INFO - ✅ XLV: Fetched 5028 rows from 2005-09-21 to 2025-09-16
2025-09-16 20:46:25,157 - INFO - ✅ XLV: Data saved. Total rows: 5028
2025-09-16 20:46:25,157 - INFO - Waiting 3 seconds before next ETF...
2025-09-16 20:46:28,162 - INFO - 📈 Starting smart collection for XLRE...
2025-09-16 20:46:28,918 - INFO - ✅ XLRE: Fetched 2499 rows from 2005-09-21 to 2025-09-16
2025-09-16 20:46:28,930 - INFO - ✅ XLRE: Data saved. Total rows: 2499
2025-09-16 20:46:28,930 - INFO - Waiting 3 seconds before next ETF...
2025-09-16 20:46:31,935 - INFO - 📈 Starting smart collection for EFA...
2025-09-16 20:46:32,804 - INFO - ✅ EFA: Fetched 5028 rows from 2005-09-21 to 2025-09-16
2025-09-16 20:46:32,820 - INFO - ✅ EFA: Data saved. Total rows: 5028
2025-09-16 20:46:32,821 - INFO - Waiting 3 seconds before next ETF...
2025-09-16 20:46:35,826 - INFO - 📈 Starting smart collection for EEM...
2025-09-16 20:46:36,565 - INFO - ✅ EEM: Fetched 5028 rows from 2005-09-21 to 2025-09-16
2025-09-16 20:46:36,582 - INFO - ✅ EEM: Data saved. Total rows: 5028
2025-09-16 20:46:36,582 - INFO - Waiting 3 seconds before next ETF...
2025-09-16 20:46:39,587 - INFO - 📈 Starting smart collection for VEA...
2025-09-16 20:46:40,454 - INFO - ✅ VEA: Fetched 4565 rows from 2005-09-21 to 2025-09-16
2025-09-16 20:46:40,469 - INFO - ✅ VEA: Data saved. Total rows: 4565
2025-09-16 20:46:40,469 - INFO - Waiting 3 seconds before next ETF...
2025-09-16 20:46:43,474 - INFO - 📈 Starting smart collection for TLT...
2025-09-16 20:46:44,228 - INFO - ✅ TLT: Fetched 5028 rows from 2005-09-21 to 2025-09-16
2025-09-16 20:46:44,243 - INFO - ✅ TLT: Data saved. Total rows: 5028
2025-09-16 20:46:44,243 - INFO - Waiting 3 seconds before next ETF...
2025-09-16 20:46:47,248 - INFO - 📈 Starting smart collection for IEF...
2025-09-16 20:46:48,162 - INFO - ✅ IEF: Fetched 5028 rows from 2005-09-21 to 2025-09-16
2025-09-16 20:46:48,178 - INFO - ✅ IEF: Data saved. Total rows: 5028
2025-09-16 20:46:48,178 - INFO - Waiting 3 seconds before next ETF...
2025-09-16 20:46:51,184 - INFO - 📈 Starting smart collection for LQD...
2025-09-16 20:46:51,961 - INFO - ✅ LQD: Fetched 5028 rows from 2005-09-21 to 2025-09-16
2025-09-16 20:46:51,977 - INFO - ✅ LQD: Data saved. Total rows: 5028
2025-09-16 20:46:51,977 - INFO - Waiting 3 seconds before next ETF...
2025-09-16 20:46:54,982 - INFO - 📈 Starting smart collection for HYG...
2025-09-16 20:46:55,872 - INFO - ✅ HYG: Fetched 4639 rows from 2005-09-21 to 2025-09-16
2025-09-16 20:46:55,888 - INFO - ✅ HYG: Data saved. Total rows: 4639
2025-09-16 20:46:55,888 - INFO - Waiting 3 seconds before next ETF...
2025-09-16 20:46:58,893 - INFO - 📈 Starting smart collection for GLD...
2025-09-16 20:46:59,637 - INFO - ✅ GLD: Fetched 5028 rows from 2005-09-21 to 2025-09-16
2025-09-16 20:46:59,655 - INFO - ✅ GLD: Data saved. Total rows: 5028
2025-09-16 20:46:59,655 - INFO - Waiting 3 seconds before next ETF...
2025-09-16 20:47:02,660 - INFO - 📈 Starting smart collection for SLV...
2025-09-16 20:47:03,482 - INFO - ✅ SLV: Fetched 4877 rows from 2005-09-21 to 2025-09-16
2025-09-16 20:47:03,497 - INFO - ✅ SLV: Data saved. Total rows: 4877
2025-09-16 20:47:03,497 - INFO - Waiting 3 seconds before next ETF...
2025-09-16 20:47:06,502 - INFO - 📈 Starting smart collection for USO...
2025-09-16 20:47:07,248 - INFO - ✅ USO: Fetched 4890 rows from 2005-09-21 to 2025-09-16
2025-09-16 20:47:07,264 - INFO - ✅ USO: Data saved. Total rows: 4890
2025-09-16 20:47:07,264 - INFO - Waiting 3 seconds before next ETF...
2025-09-16 20:47:10,267 - INFO - 📈 Starting smart collection for DBA...
2025-09-16 20:47:11,108 - INFO - ✅ DBA: Fetched 4704 rows from 2005-09-21 to 2025-09-16
2025-09-16 20:47:11,124 - INFO - ✅ DBA: Data saved. Total rows: 4704
2025-09-16 20:47:11,124 - INFO - 🎉 === Full ETF collection run finished! ===
