2025-09-16 11:46:12,197 - INFO - === 간단한 ETF 데이터 수집기 ===
2025-09-16 11:46:12,197 - INFO - 간단한 ETF 데이터 수집기 초기화 완료
2025-09-16 11:46:12,197 - INFO - 저장 경로: data/etfs
2025-09-16 11:46:12,197 - INFO - ETF 데이터 수집 시작
2025-09-16 11:46:12,197 - INFO - Tiingo API 연결 테스트...
2025-09-16 11:46:12,429 - INFO - API 연결 성공!
2025-09-16 11:46:12,430 - INFO - 수집 대상: ['SPY', 'QQQ', 'DIA']
2025-09-16 11:46:12,430 - INFO - SPY (SPY) 수집 중...
2025-09-16 11:46:13,279 - INFO - SPY: 7543 행 수집 완료
2025-09-16 11:46:13,280 - INFO -   기간: 1995-09-25 ~ 2025-09-15
2025-09-16 11:46:13,280 - INFO -   최근 가격: $660.91
2025-09-16 11:46:13,280 - INFO -   전체 수익률: 1814.0%
2025-09-16 11:46:13,280 - INFO -   파일: data/etfs/SPY.csv
2025-09-16 11:46:14,284 - INFO - QQQ (QQQ) 수집 중...
2025-09-16 11:46:15,132 - INFO - QQQ: 6671 행 수집 완료
2025-09-16 11:46:15,132 - INFO -   기간: 1999-03-10 ~ 2025-09-15
2025-09-16 11:46:15,132 - INFO -   최근 가격: $591.68
2025-09-16 11:46:15,132 - INFO -   전체 수익률: 1267.2%
2025-09-16 11:46:15,132 - INFO -   파일: data/etfs/QQQ.csv
2025-09-16 11:46:16,137 - INFO - DIA (DIA) 수집 중...
2025-09-16 11:46:16,973 - INFO - DIA: 6957 행 수집 완료
2025-09-16 11:46:16,973 - INFO -   기간: 1998-01-20 ~ 2025-09-15
2025-09-16 11:46:16,973 - INFO -   최근 가격: $460.07
2025-09-16 11:46:16,973 - INFO -   전체 수익률: 942.3%
2025-09-16 11:46:16,973 - INFO -   파일: data/etfs/DIA.csv
2025-09-16 11:46:17,978 - INFO - 통합 데이터 파일 생성 중...
2025-09-16 11:46:18,027 - INFO - 통합 파일 저장: data/etfs/ETF_Combined.csv
2025-09-16 11:46:18,027 - INFO - 데이터 크기: (7543, 3)
2025-09-16 11:46:18,027 - INFO - 간단한 분석 수행 중...
2025-09-16 11:46:18,029 - INFO - 통계 파일 저장: data/etfs/ETF_Statistics.csv
2025-09-16 11:46:18,029 - INFO - === ETF 성과 요약 ===
2025-09-16 11:46:18,029 - INFO - SPY: 전체 1814.0%, 연평균 10.4%, 변동성 19.3%
2025-09-16 11:46:18,029 - INFO - QQQ: 전체 1267.2%, 연평균 10.4%, 변동성 27.1%
2025-09-16 11:46:18,029 - INFO - DIA: 전체 942.3%, 연평균 8.9%, 변동성 18.6%
2025-09-16 11:46:18,029 - INFO - 수집 완료! 성공: 3/3
