2025-09-16 11:42:41,331 - INFO - 주요 지수 데이터 수집기 시작
2025-09-16 11:42:41,332 - INFO - 주요 지수 데이터 수집기 초기화 완료
2025-09-16 11:42:41,332 - INFO - 저장 경로: data/major_indices
2025-09-16 11:42:47,627 - INFO - 사용자 선택: 지수만 수집
2025-09-16 11:42:47,627 - INFO - 주요 지수 데이터 수집 시작
2025-09-16 11:42:47,627 - INFO - Tiingo API 연결 테스트 중...
2025-09-16 11:42:47,901 - INFO - Tiingo API 연결 성공!
2025-09-16 11:42:47,903 - INFO - 수집 대상: ['S&P_500', 'NASDAQ', 'DOW_JONES']
2025-09-16 11:42:47,903 - INFO - 총 3개 지수/ETF, 예상 시간: 30초
2025-09-16 11:42:47,903 - INFO - [1/3] S&P_500 (^GSPC) 수집 중...
2025-09-16 11:42:48,200 - ERROR - ^GSPC: 지수를 찾을 수 없음
2025-09-16 11:42:48,202 - ERROR - S&P_500 (^GSPC): 수집 실패
2025-09-16 11:42:50,208 - INFO - [2/3] NASDAQ (^IXIC) 수집 중...
2025-09-16 11:42:50,528 - ERROR - ^IXIC: 지수를 찾을 수 없음
2025-09-16 11:42:50,531 - ERROR - NASDAQ (^IXIC): 수집 실패
2025-09-16 11:42:52,534 - INFO - [3/3] DOW_JONES (^DJI) 수집 중...
2025-09-16 11:42:52,844 - ERROR - ^DJI: 지수를 찾을 수 없음
2025-09-16 11:42:52,848 - ERROR - DOW_JONES (^DJI): 수집 실패
2025-09-16 11:42:54,853 - INFO - 지수 수집 완료! 성공: 0/3, 총 요청: 3
2025-09-16 11:42:54,853 - ERROR - 데이터 수집 실패
